{"/Users/sarahb/Documents/HackReactor/HRLA 42/Project-Catwalk/config.js": {"path":"/Users/sarahb/Documents/HackReactor/HRLA 42/Project-Catwalk/config.js","statementMap":{"0":{"start":{"line":1,"column":0},"end":{"line":1,"column":59}}},"fnMap":{},"branchMap":{},"s":{"0":1},"f":{},"b":{},"_coverageSchema":"1a1c01bbd47fc00a2c39e90264f33305004495a9","hash":"cf80b0fa5543c83e4c37bb78ea5abdd38ca3ad08"}
,"/Users/sarahb/Documents/HackReactor/HRLA 42/Project-Catwalk/react-client/src/components/Reviews/Ratings/Stars.jsx": {"path":"/Users/sarahb/Documents/HackReactor/HRLA 42/Project-Catwalk/react-client/src/components/Reviews/Ratings/Stars.jsx","statementMap":{"0":{"start":{"line":3,"column":14},"end":{"line":13,"column":1}},"1":{"start":{"line":4,"column":16},"end":{"line":4,"column":30}},"2":{"start":{"line":5,"column":2},"end":{"line":12,"column":3}}},"fnMap":{"0":{"name":"(anonymous_0)","decl":{"start":{"line":3,"column":14},"end":{"line":3,"column":15}},"loc":{"start":{"line":3,"column":33},"end":{"line":13,"column":1}},"line":3}},"branchMap":{},"s":{"0":1,"1":0,"2":0},"f":{"0":0},"b":{},"_coverageSchema":"1a1c01bbd47fc00a2c39e90264f33305004495a9","hash":"4bc9c39a33e23551d30d793857d752686b26dfae"}
,"/Users/sarahb/Documents/HackReactor/HRLA 42/Project-Catwalk/react-client/src/components/related items/RelatedItemCard.jsx": {"path":"/Users/sarahb/Documents/HackReactor/HRLA 42/Project-Catwalk/react-client/src/components/related items/RelatedItemCard.jsx","statementMap":{"0":{"start":{"line":9,"column":21},"end":{"line":19,"column":1}},"1":{"start":{"line":22,"column":41},"end":{"line":22,"column":53}},"2":{"start":{"line":23,"column":43},"end":{"line":23,"column":58}},"3":{"start":{"line":24,"column":43},"end":{"line":24,"column":55}},"4":{"start":{"line":25,"column":51},"end":{"line":25,"column":63}},"5":{"start":{"line":27,"column":2},"end":{"line":33,"column":24}},"6":{"start":{"line":28,"column":24},"end":{"line":28,"column":26}},"7":{"start":{"line":29,"column":4},"end":{"line":31,"column":5}},"8":{"start":{"line":29,"column":17},"end":{"line":29,"column":18}},"9":{"start":{"line":30,"column":6},"end":{"line":30,"column":122}},"10":{"start":{"line":32,"column":4},"end":{"line":32,"column":36}},"11":{"start":{"line":35,"column":27},"end":{"line":35,"column":94}},"12":{"start":{"line":35,"column":72},"end":{"line":35,"column":92}},"13":{"start":{"line":36,"column":27},"end":{"line":36,"column":156}},"14":{"start":{"line":37,"column":20},"end":{"line":37,"column":65}},"15":{"start":{"line":39,"column":21},"end":{"line":45,"column":3}},"16":{"start":{"line":40,"column":4},"end":{"line":44,"column":5}},"17":{"start":{"line":40,"column":17},"end":{"line":40,"column":18}},"18":{"start":{"line":41,"column":6},"end":{"line":43,"column":7}},"19":{"start":{"line":42,"column":8},"end":{"line":42,"column":31}},"20":{"start":{"line":47,"column":18},"end":{"line":57,"column":3}},"21":{"start":{"line":48,"column":4},"end":{"line":56,"column":5}},"22":{"start":{"line":49,"column":6},"end":{"line":53,"column":7}},"23":{"start":{"line":49,"column":19},"end":{"line":49,"column":20}},"24":{"start":{"line":50,"column":8},"end":{"line":52,"column":9}},"25":{"start":{"line":51,"column":10},"end":{"line":51,"column":47}},"26":{"start":{"line":55,"column":6},"end":{"line":55,"column":15}},"27":{"start":{"line":59,"column":19},"end":{"line":69,"column":3}},"28":{"start":{"line":60,"column":19},"end":{"line":60,"column":21}},"29":{"start":{"line":61,"column":4},"end":{"line":61,"column":28}},"30":{"start":{"line":62,"column":4},"end":{"line":62,"column":37}},"31":{"start":{"line":63,"column":4},"end":{"line":67,"column":5}},"32":{"start":{"line":63,"column":17},"end":{"line":63,"column":18}},"33":{"start":{"line":64,"column":6},"end":{"line":66,"column":7}},"34":{"start":{"line":65,"column":8},"end":{"line":65,"column":37}},"35":{"start":{"line":68,"column":4},"end":{"line":68,"column":36}},"36":{"start":{"line":71,"column":2},"end":{"line":131,"column":3}},"37":{"start":{"line":72,"column":4},"end":{"line":72,"column":15}},"38":{"start":{"line":74,"column":4},"end":{"line":130,"column":5}},"39":{"start":{"line":78,"column":8},"end":{"line":87,"column":14}},"40":{"start":{"line":79,"column":78},"end":{"line":79,"column":106}},"41":{"start":{"line":94,"column":30},"end":{"line":94,"column":54}},"42":{"start":{"line":107,"column":20},"end":{"line":111,"column":25}},"43":{"start":{"line":117,"column":18},"end":{"line":121,"column":23}},"44":{"start":{"line":127,"column":91},"end":{"line":127,"column":115}}},"fnMap":{"0":{"name":"RelatedItemCard","decl":{"start":{"line":21,"column":9},"end":{"line":21,"column":24}},"loc":{"start":{"line":21,"column":32},"end":{"line":132,"column":1}},"line":21},"1":{"name":"(anonymous_1)","decl":{"start":{"line":27,"column":12},"end":{"line":27,"column":13}},"loc":{"start":{"line":27,"column":18},"end":{"line":33,"column":3}},"line":27},"2":{"name":"(anonymous_2)","decl":{"start":{"line":35,"column":45},"end":{"line":35,"column":46}},"loc":{"start":{"line":35,"column":72},"end":{"line":35,"column":92}},"line":35},"3":{"name":"(anonymous_3)","decl":{"start":{"line":39,"column":21},"end":{"line":39,"column":22}},"loc":{"start":{"line":39,"column":29},"end":{"line":45,"column":3}},"line":39},"4":{"name":"(anonymous_4)","decl":{"start":{"line":47,"column":18},"end":{"line":47,"column":19}},"loc":{"start":{"line":47,"column":26},"end":{"line":57,"column":3}},"line":47},"5":{"name":"(anonymous_5)","decl":{"start":{"line":59,"column":19},"end":{"line":59,"column":20}},"loc":{"start":{"line":59,"column":26},"end":{"line":69,"column":3}},"line":59},"6":{"name":"(anonymous_6)","decl":{"start":{"line":77,"column":25},"end":{"line":77,"column":26}},"loc":{"start":{"line":78,"column":8},"end":{"line":87,"column":14}},"line":78},"7":{"name":"(anonymous_7)","decl":{"start":{"line":79,"column":71},"end":{"line":79,"column":72}},"loc":{"start":{"line":79,"column":78},"end":{"line":79,"column":106}},"line":79},"8":{"name":"(anonymous_8)","decl":{"start":{"line":94,"column":24},"end":{"line":94,"column":25}},"loc":{"start":{"line":94,"column":30},"end":{"line":94,"column":54}},"line":94},"9":{"name":"(anonymous_9)","decl":{"start":{"line":106,"column":53},"end":{"line":106,"column":54}},"loc":{"start":{"line":107,"column":20},"end":{"line":111,"column":25}},"line":107},"10":{"name":"(anonymous_10)","decl":{"start":{"line":116,"column":48},"end":{"line":116,"column":49}},"loc":{"start":{"line":117,"column":18},"end":{"line":121,"column":23}},"line":117},"11":{"name":"(anonymous_11)","decl":{"start":{"line":127,"column":85},"end":{"line":127,"column":86}},"loc":{"start":{"line":127,"column":91},"end":{"line":127,"column":115}},"line":127}},"branchMap":{"0":{"loc":{"start":{"line":41,"column":6},"end":{"line":43,"column":7}},"type":"if","locations":[{"start":{"line":41,"column":6},"end":{"line":43,"column":7}},{"start":{"line":41,"column":6},"end":{"line":43,"column":7}}],"line":41},"1":{"loc":{"start":{"line":48,"column":4},"end":{"line":56,"column":5}},"type":"if","locations":[{"start":{"line":48,"column":4},"end":{"line":56,"column":5}},{"start":{"line":48,"column":4},"end":{"line":56,"column":5}}],"line":48},"2":{"loc":{"start":{"line":50,"column":8},"end":{"line":52,"column":9}},"type":"if","locations":[{"start":{"line":50,"column":8},"end":{"line":52,"column":9}},{"start":{"line":50,"column":8},"end":{"line":52,"column":9}}],"line":50},"3":{"loc":{"start":{"line":64,"column":6},"end":{"line":66,"column":7}},"type":"if","locations":[{"start":{"line":64,"column":6},"end":{"line":66,"column":7}},{"start":{"line":64,"column":6},"end":{"line":66,"column":7}}],"line":64},"4":{"loc":{"start":{"line":71,"column":2},"end":{"line":131,"column":3}},"type":"if","locations":[{"start":{"line":71,"column":2},"end":{"line":131,"column":3}},{"start":{"line":71,"column":2},"end":{"line":131,"column":3}}],"line":71},"5":{"loc":{"start":{"line":71,"column":6},"end":{"line":71,"column":80}},"type":"binary-expr","locations":[{"start":{"line":71,"column":6},"end":{"line":71,"column":35}},{"start":{"line":71,"column":39},"end":{"line":71,"column":80}}],"line":71},"6":{"loc":{"start":{"line":84,"column":64},"end":{"line":84,"column":118}},"type":"cond-expr","locations":[{"start":{"line":84,"column":82},"end":{"line":84,"column":97}},{"start":{"line":84,"column":100},"end":{"line":84,"column":118}}],"line":84},"7":{"loc":{"start":{"line":109,"column":27},"end":{"line":109,"column":63}},"type":"cond-expr","locations":[{"start":{"line":109,"column":43},"end":{"line":109,"column":56}},{"start":{"line":109,"column":59},"end":{"line":109,"column":63}}],"line":109},"8":{"loc":{"start":{"line":115,"column":16},"end":{"line":123,"column":22}},"type":"cond-expr","locations":[{"start":{"line":116,"column":16},"end":{"line":122,"column":18}},{"start":{"line":123,"column":18},"end":{"line":123,"column":22}}],"line":115},"9":{"loc":{"start":{"line":119,"column":27},"end":{"line":119,"column":63}},"type":"cond-expr","locations":[{"start":{"line":119,"column":43},"end":{"line":119,"column":56}},{"start":{"line":119,"column":59},"end":{"line":119,"column":63}}],"line":119}},"s":{"0":1,"1":0,"2":0,"3":0,"4":0,"5":0,"6":0,"7":0,"8":0,"9":0,"10":0,"11":0,"12":0,"13":0,"14":0,"15":0,"16":0,"17":0,"18":0,"19":0,"20":0,"21":0,"22":0,"23":0,"24":0,"25":0,"26":0,"27":0,"28":0,"29":0,"30":0,"31":0,"32":0,"33":0,"34":0,"35":0,"36":0,"37":0,"38":0,"39":0,"40":0,"41":0,"42":0,"43":0,"44":0},"f":{"0":0,"1":0,"2":0,"3":0,"4":0,"5":0,"6":0,"7":0,"8":0,"9":0,"10":0,"11":0},"b":{"0":[0,0],"1":[0,0],"2":[0,0],"3":[0,0],"4":[0,0],"5":[0,0],"6":[0,0],"7":[0,0],"8":[0,0],"9":[0,0]},"_coverageSchema":"1a1c01bbd47fc00a2c39e90264f33305004495a9","hash":"ae7a9fc302fcbe2254f73a0fcca12566ac8cfeb5"}
,"/Users/sarahb/Documents/HackReactor/HRLA 42/Project-Catwalk/react-client/src/components/related items/RelatedItemsTest.jsx": {"path":"/Users/sarahb/Documents/HackReactor/HRLA 42/Project-Catwalk/react-client/src/components/related items/RelatedItemsTest.jsx","statementMap":{"0":{"start":{"line":4,"column":21},"end":{"line":26,"column":1}},"1":{"start":{"line":5,"column":33},"end":{"line":5,"column":45}},"2":{"start":{"line":7,"column":2},"end":{"line":9,"column":8}},"3":{"start":{"line":8,"column":4},"end":{"line":8,"column":22}},"4":{"start":{"line":11,"column":27},"end":{"line":15,"column":3}},"5":{"start":{"line":12,"column":4},"end":{"line":14,"column":39}},"6":{"start":{"line":13,"column":24},"end":{"line":13,"column":50}},"7":{"start":{"line":14,"column":21},"end":{"line":14,"column":37}},"8":{"start":{"line":17,"column":2},"end":{"line":25,"column":3}},"9":{"start":{"line":20,"column":30},"end":{"line":20,"column":52}}},"fnMap":{"0":{"name":"(anonymous_0)","decl":{"start":{"line":4,"column":21},"end":{"line":4,"column":22}},"loc":{"start":{"line":4,"column":27},"end":{"line":26,"column":1}},"line":4},"1":{"name":"(anonymous_1)","decl":{"start":{"line":7,"column":12},"end":{"line":7,"column":13}},"loc":{"start":{"line":7,"column":18},"end":{"line":9,"column":3}},"line":7},"2":{"name":"(anonymous_2)","decl":{"start":{"line":11,"column":27},"end":{"line":11,"column":28}},"loc":{"start":{"line":11,"column":33},"end":{"line":15,"column":3}},"line":11},"3":{"name":"(anonymous_3)","decl":{"start":{"line":13,"column":10},"end":{"line":13,"column":11}},"loc":{"start":{"line":13,"column":24},"end":{"line":13,"column":50}},"line":13},"4":{"name":"(anonymous_4)","decl":{"start":{"line":14,"column":11},"end":{"line":14,"column":12}},"loc":{"start":{"line":14,"column":21},"end":{"line":14,"column":37}},"line":14},"5":{"name":"(anonymous_5)","decl":{"start":{"line":20,"column":23},"end":{"line":20,"column":24}},"loc":{"start":{"line":20,"column":30},"end":{"line":20,"column":52}},"line":20}},"branchMap":{"0":{"loc":{"start":{"line":21,"column":10},"end":{"line":21,"column":46}},"type":"cond-expr","locations":[{"start":{"line":21,"column":19},"end":{"line":21,"column":34}},{"start":{"line":21,"column":37},"end":{"line":21,"column":46}}],"line":21},"1":{"loc":{"start":{"line":22,"column":10},"end":{"line":22,"column":42}},"type":"cond-expr","locations":[{"start":{"line":22,"column":19},"end":{"line":22,"column":30}},{"start":{"line":22,"column":33},"end":{"line":22,"column":42}}],"line":22},"2":{"loc":{"start":{"line":23,"column":10},"end":{"line":23,"column":52}},"type":"cond-expr","locations":[{"start":{"line":23,"column":19},"end":{"line":23,"column":40}},{"start":{"line":23,"column":43},"end":{"line":23,"column":52}}],"line":23}},"s":{"0":1,"1":7,"2":6,"3":4,"4":6,"5":4,"6":3,"7":0,"8":6,"9":0},"f":{"0":7,"1":4,"2":4,"3":3,"4":0,"5":0},"b":{"0":[6,0],"1":[6,0],"2":[6,0]},"_coverageSchema":"1a1c01bbd47fc00a2c39e90264f33305004495a9","hash":"6d6847aede935d165c32ac731f3c6ee5a72a338f"}
,"/Users/sarahb/Documents/HackReactor/HRLA 42/Project-Catwalk/tests/msw/handlers.js": {"path":"/Users/sarahb/Documents/HackReactor/HRLA 42/Project-Catwalk/tests/msw/handlers.js","statementMap":{"0":{"start":{"line":4,"column":20},"end":{"line":37,"column":1}},"1":{"start":{"line":39,"column":20},"end":{"line":56,"column":1}},"2":{"start":{"line":58,"column":21},"end":{"line":83,"column":1}},"3":{"start":{"line":85,"column":19},"end":{"line":112,"column":2}},"4":{"start":{"line":114,"column":17},"end":{"line":146,"column":1}},"5":{"start":{"line":117,"column":4},"end":{"line":120,"column":6}},"6":{"start":{"line":123,"column":18},"end":{"line":123,"column":38}},"7":{"start":{"line":124,"column":23},"end":{"line":124,"column":46}},"8":{"start":{"line":125,"column":4},"end":{"line":128,"column":6}},"9":{"start":{"line":131,"column":18},"end":{"line":131,"column":38}},"10":{"start":{"line":132,"column":23},"end":{"line":132,"column":46}},"11":{"start":{"line":133,"column":4},"end":{"line":136,"column":6}},"12":{"start":{"line":139,"column":18},"end":{"line":139,"column":38}},"13":{"start":{"line":140,"column":23},"end":{"line":140,"column":46}},"14":{"start":{"line":141,"column":4},"end":{"line":144,"column":6}}},"fnMap":{"0":{"name":"(anonymous_0)","decl":{"start":{"line":116,"column":36},"end":{"line":116,"column":37}},"loc":{"start":{"line":116,"column":55},"end":{"line":121,"column":3}},"line":116},"1":{"name":"(anonymous_1)","decl":{"start":{"line":122,"column":32},"end":{"line":122,"column":33}},"loc":{"start":{"line":122,"column":51},"end":{"line":129,"column":3}},"line":122},"2":{"name":"(anonymous_2)","decl":{"start":{"line":130,"column":28},"end":{"line":130,"column":29}},"loc":{"start":{"line":130,"column":47},"end":{"line":137,"column":3}},"line":130},"3":{"name":"(anonymous_3)","decl":{"start":{"line":138,"column":41},"end":{"line":138,"column":42}},"loc":{"start":{"line":138,"column":60},"end":{"line":145,"column":3}},"line":138}},"branchMap":{},"s":{"0":1,"1":1,"2":1,"3":1,"4":1,"5":0,"6":0,"7":0,"8":0,"9":0,"10":0,"11":0,"12":6,"13":6,"14":6},"f":{"0":0,"1":0,"2":0,"3":6},"b":{},"_coverageSchema":"1a1c01bbd47fc00a2c39e90264f33305004495a9","hash":"7db14d82cdd08fd480507a5ade76510c347df34a"}
}
