{"/Users/kun/Desktop/Project-Catwalk/config.js": {"path":"/Users/kun/Desktop/Project-Catwalk/config.js","statementMap":{"0":{"start":{"line":1,"column":0},"end":{"line":1,"column":60}}},"fnMap":{},"branchMap":{},"s":{"0":5},"f":{},"b":{},"_coverageSchema":"1a1c01bbd47fc00a2c39e90264f33305004495a9","hash":"0bbfbd8f2cb348d61503f37cc709e2c8059f3c67"}
,"/Users/kun/Desktop/Project-Catwalk/firebase.js": {"path":"/Users/kun/Desktop/Project-Catwalk/firebase.js","statementMap":{"0":{"start":{"line":4,"column":23},"end":{"line":11,"column":1}},"1":{"start":{"line":13,"column":0},"end":{"line":13,"column":39}}},"fnMap":{},"branchMap":{},"s":{"0":2,"1":2},"f":{},"b":{},"_coverageSchema":"1a1c01bbd47fc00a2c39e90264f33305004495a9","hash":"15354152cc25179a9c0e754f418372cca8570645"}
,"/Users/kun/Desktop/Project-Catwalk/react-client/src/components/App.jsx": {"path":"/Users/kun/Desktop/Project-Catwalk/react-client/src/components/App.jsx","statementMap":{"0":{"start":{"line":15,"column":51},"end":{"line":15,"column":63}},"1":{"start":{"line":16,"column":37},"end":{"line":16,"column":49}},"2":{"start":{"line":17,"column":41},"end":{"line":17,"column":52}},"3":{"start":{"line":18,"column":34},"end":{"line":18,"column":49}},"4":{"start":{"line":20,"column":2},"end":{"line":22,"column":9}},"5":{"start":{"line":21,"column":4},"end":{"line":21,"column":18}},"6":{"start":{"line":24,"column":2},"end":{"line":28,"column":17}},"7":{"start":{"line":25,"column":4},"end":{"line":27,"column":5}},"8":{"start":{"line":26,"column":6},"end":{"line":26,"column":22}},"9":{"start":{"line":30,"column":24},"end":{"line":46,"column":3}},"10":{"start":{"line":31,"column":24},"end":{"line":31,"column":40}},"11":{"start":{"line":32,"column":4},"end":{"line":34,"column":5}},"12":{"start":{"line":33,"column":6},"end":{"line":33,"column":16}},"13":{"start":{"line":35,"column":21},"end":{"line":35,"column":22}},"14":{"start":{"line":36,"column":26},"end":{"line":36,"column":27}},"15":{"start":{"line":37,"column":4},"end":{"line":42,"column":5}},"16":{"start":{"line":38,"column":20},"end":{"line":38,"column":44}},"17":{"start":{"line":39,"column":26},"end":{"line":39,"column":37}},"18":{"start":{"line":40,"column":6},"end":{"line":40,"column":32}},"19":{"start":{"line":41,"column":6},"end":{"line":41,"column":31}},"20":{"start":{"line":43,"column":25},"end":{"line":43,"column":53}},"21":{"start":{"line":44,"column":20},"end":{"line":44,"column":52}},"22":{"start":{"line":45,"column":4},"end":{"line":45,"column":30}},"23":{"start":{"line":48,"column":24},"end":{"line":54,"column":3}},"24":{"start":{"line":49,"column":4},"end":{"line":53,"column":42}},"25":{"start":{"line":51,"column":8},"end":{"line":51,"column":44}},"26":{"start":{"line":53,"column":23},"end":{"line":53,"column":39}},"27":{"start":{"line":56,"column":22},"end":{"line":66,"column":3}},"28":{"start":{"line":57,"column":15},"end":{"line":57,"column":20}},"29":{"start":{"line":58,"column":4},"end":{"line":65,"column":9}},"30":{"start":{"line":60,"column":8},"end":{"line":60,"column":41}},"31":{"start":{"line":62,"column":19},"end":{"line":62,"column":31}},"32":{"start":{"line":64,"column":8},"end":{"line":64,"column":25}},"33":{"start":{"line":68,"column":21},"end":{"line":77,"column":3}},"34":{"start":{"line":69,"column":19},"end":{"line":69,"column":34}},"35":{"start":{"line":70,"column":4},"end":{"line":76,"column":9}},"36":{"start":{"line":72,"column":8},"end":{"line":72,"column":36}},"37":{"start":{"line":75,"column":8},"end":{"line":75,"column":25}},"38":{"start":{"line":79,"column":16},"end":{"line":83,"column":4}},"39":{"start":{"line":86,"column":2},"end":{"line":132,"column":4}},"40":{"start":{"line":93,"column":30},"end":{"line":93,"column":52}},"41":{"start":{"line":97,"column":12},"end":{"line":126,"column":15}}},"fnMap":{"0":{"name":"App","decl":{"start":{"line":14,"column":9},"end":{"line":14,"column":12}},"loc":{"start":{"line":14,"column":15},"end":{"line":133,"column":1}},"line":14},"1":{"name":"(anonymous_1)","decl":{"start":{"line":20,"column":12},"end":{"line":20,"column":13}},"loc":{"start":{"line":20,"column":18},"end":{"line":22,"column":3}},"line":20},"2":{"name":"(anonymous_2)","decl":{"start":{"line":24,"column":12},"end":{"line":24,"column":13}},"loc":{"start":{"line":24,"column":18},"end":{"line":28,"column":3}},"line":24},"3":{"name":"(anonymous_3)","decl":{"start":{"line":30,"column":24},"end":{"line":30,"column":25}},"loc":{"start":{"line":30,"column":30},"end":{"line":46,"column":3}},"line":30},"4":{"name":"(anonymous_4)","decl":{"start":{"line":48,"column":24},"end":{"line":48,"column":25}},"loc":{"start":{"line":48,"column":32},"end":{"line":54,"column":3}},"line":48},"5":{"name":"(anonymous_5)","decl":{"start":{"line":50,"column":12},"end":{"line":50,"column":13}},"loc":{"start":{"line":50,"column":25},"end":{"line":52,"column":7}},"line":50},"6":{"name":"(anonymous_6)","decl":{"start":{"line":53,"column":13},"end":{"line":53,"column":14}},"loc":{"start":{"line":53,"column":23},"end":{"line":53,"column":39}},"line":53},"7":{"name":"(anonymous_7)","decl":{"start":{"line":56,"column":22},"end":{"line":56,"column":23}},"loc":{"start":{"line":56,"column":28},"end":{"line":66,"column":3}},"line":56},"8":{"name":"(anonymous_8)","decl":{"start":{"line":59,"column":12},"end":{"line":59,"column":13}},"loc":{"start":{"line":59,"column":22},"end":{"line":61,"column":7}},"line":59},"9":{"name":"(anonymous_9)","decl":{"start":{"line":62,"column":12},"end":{"line":62,"column":13}},"loc":{"start":{"line":62,"column":19},"end":{"line":62,"column":31}},"line":62},"10":{"name":"(anonymous_10)","decl":{"start":{"line":63,"column":13},"end":{"line":63,"column":14}},"loc":{"start":{"line":63,"column":22},"end":{"line":65,"column":7}},"line":63},"11":{"name":"(anonymous_11)","decl":{"start":{"line":68,"column":21},"end":{"line":68,"column":22}},"loc":{"start":{"line":68,"column":27},"end":{"line":77,"column":3}},"line":68},"12":{"name":"(anonymous_12)","decl":{"start":{"line":71,"column":12},"end":{"line":71,"column":13}},"loc":{"start":{"line":71,"column":24},"end":{"line":73,"column":7}},"line":71},"13":{"name":"(anonymous_13)","decl":{"start":{"line":74,"column":13},"end":{"line":74,"column":14}},"loc":{"start":{"line":74,"column":22},"end":{"line":76,"column":7}},"line":74},"14":{"name":"(anonymous_14)","decl":{"start":{"line":93,"column":24},"end":{"line":93,"column":25}},"loc":{"start":{"line":93,"column":30},"end":{"line":93,"column":52}},"line":93},"15":{"name":"(anonymous_15)","decl":{"start":{"line":96,"column":32},"end":{"line":96,"column":33}},"loc":{"start":{"line":97,"column":12},"end":{"line":126,"column":15}},"line":97}},"branchMap":{"0":{"loc":{"start":{"line":25,"column":4},"end":{"line":27,"column":5}},"type":"if","locations":[{"start":{"line":25,"column":4},"end":{"line":27,"column":5}},{"start":{"line":25,"column":4},"end":{"line":27,"column":5}}],"line":25},"1":{"loc":{"start":{"line":32,"column":4},"end":{"line":34,"column":5}},"type":"if","locations":[{"start":{"line":32,"column":4},"end":{"line":34,"column":5}},{"start":{"line":32,"column":4},"end":{"line":34,"column":5}}],"line":32},"2":{"loc":{"start":{"line":81,"column":12},"end":{"line":81,"column":39}},"type":"cond-expr","locations":[{"start":{"line":81,"column":23},"end":{"line":81,"column":29}},{"start":{"line":81,"column":32},"end":{"line":81,"column":39}}],"line":81}},"s":{"0":2,"1":1,"2":1,"3":1,"4":1,"5":1,"6":1,"7":1,"8":0,"9":1,"10":0,"11":0,"12":0,"13":0,"14":0,"15":0,"16":0,"17":0,"18":0,"19":0,"20":0,"21":0,"22":0,"23":1,"24":0,"25":0,"26":0,"27":1,"28":1,"29":1,"30":0,"31":0,"32":0,"33":1,"34":0,"35":0,"36":0,"37":0,"38":1,"39":1,"40":0,"41":1},"f":{"0":2,"1":1,"2":1,"3":0,"4":0,"5":0,"6":0,"7":1,"8":0,"9":0,"10":0,"11":0,"12":0,"13":0,"14":0,"15":1},"b":{"0":[0,1],"1":[0,0],"2":[0,1]},"_coverageSchema":"1a1c01bbd47fc00a2c39e90264f33305004495a9","hash":"563610c30d0e8482472b577ddf1fe065a662713c"}
,"/Users/kun/Desktop/Project-Catwalk/react-client/src/components/ClickTracker.jsx": {"path":"/Users/kun/Desktop/Project-Catwalk/react-client/src/components/ClickTracker.jsx","statementMap":{"0":{"start":{"line":6,"column":4},"end":{"line":6,"column":17}},"1":{"start":{"line":7,"column":4},"end":{"line":7,"column":51}},"2":{"start":{"line":10,"column":24},"end":{"line":14,"column":5}},"3":{"start":{"line":15,"column":4},"end":{"line":17,"column":37}},"4":{"start":{"line":17,"column":20},"end":{"line":17,"column":36}},"5":{"start":{"line":22,"column":4},"end":{"line":26,"column":6}}},"fnMap":{"0":{"name":"(anonymous_0)","decl":{"start":{"line":5,"column":2},"end":{"line":5,"column":3}},"loc":{"start":{"line":5,"column":21},"end":{"line":8,"column":3}},"line":5},"1":{"name":"(anonymous_1)","decl":{"start":{"line":9,"column":2},"end":{"line":9,"column":3}},"loc":{"start":{"line":9,"column":21},"end":{"line":19,"column":3}},"line":9},"2":{"name":"(anonymous_2)","decl":{"start":{"line":17,"column":11},"end":{"line":17,"column":12}},"loc":{"start":{"line":17,"column":20},"end":{"line":17,"column":36}},"line":17},"3":{"name":"(anonymous_3)","decl":{"start":{"line":21,"column":2},"end":{"line":21,"column":3}},"loc":{"start":{"line":21,"column":11},"end":{"line":27,"column":3}},"line":21}},"branchMap":{},"s":{"0":2,"1":1,"2":0,"3":0,"4":0,"5":1},"f":{"0":2,"1":0,"2":0,"3":1},"b":{},"_coverageSchema":"1a1c01bbd47fc00a2c39e90264f33305004495a9","hash":"c8ce467938043d192de5ea60f079af31b0aab110"}
,"/Users/kun/Desktop/Project-Catwalk/react-client/src/components/Questions-Answers/AnswerModals.jsx": {"path":"/Users/kun/Desktop/Project-Catwalk/react-client/src/components/Questions-Answers/AnswerModals.jsx","statementMap":{"0":{"start":{"line":6,"column":21},"end":{"line":191,"column":1}},"1":{"start":{"line":7,"column":30},"end":{"line":7,"column":42}},"2":{"start":{"line":8,"column":34},"end":{"line":8,"column":46}},"3":{"start":{"line":9,"column":28},"end":{"line":9,"column":40}},"4":{"start":{"line":10,"column":30},"end":{"line":10,"column":42}},"5":{"start":{"line":11,"column":37},"end":{"line":11,"column":52}},"6":{"start":{"line":12,"column":38},"end":{"line":12,"column":50}},"7":{"start":{"line":13,"column":36},"end":{"line":13,"column":48}},"8":{"start":{"line":15,"column":2},"end":{"line":17,"column":27}},"9":{"start":{"line":16,"column":4},"end":{"line":16,"column":19}},"10":{"start":{"line":19,"column":17},"end":{"line":88,"column":3}},"11":{"start":{"line":20,"column":18},"end":{"line":20,"column":20}},"12":{"start":{"line":21,"column":15},"end":{"line":21,"column":41}},"13":{"start":{"line":22,"column":4},"end":{"line":37,"column":5}},"14":{"start":{"line":23,"column":6},"end":{"line":26,"column":7}},"15":{"start":{"line":23,"column":19},"end":{"line":23,"column":20}},"16":{"start":{"line":24,"column":26},"end":{"line":24,"column":35}},"17":{"start":{"line":25,"column":8},"end":{"line":25,"column":40}},"18":{"start":{"line":28,"column":6},"end":{"line":36,"column":45}},"19":{"start":{"line":34,"column":21},"end":{"line":34,"column":44}},"20":{"start":{"line":35,"column":20},"end":{"line":35,"column":41}},"21":{"start":{"line":36,"column":24},"end":{"line":36,"column":41}},"22":{"start":{"line":40,"column":6},"end":{"line":86,"column":9}},"23":{"start":{"line":41,"column":25},"end":{"line":41,"column":67}},"24":{"start":{"line":42,"column":19},"end":{"line":42,"column":44}},"25":{"start":{"line":44,"column":8},"end":{"line":85,"column":10}},"26":{"start":{"line":46,"column":27},"end":{"line":46,"column":82}},"27":{"start":{"line":47,"column":12},"end":{"line":47,"column":60}},"28":{"start":{"line":48,"column":12},"end":{"line":55,"column":13}},"29":{"start":{"line":50,"column":16},"end":{"line":50,"column":48}},"30":{"start":{"line":51,"column":16},"end":{"line":51,"column":22}},"31":{"start":{"line":53,"column":16},"end":{"line":53,"column":49}},"32":{"start":{"line":54,"column":16},"end":{"line":54,"column":22}},"33":{"start":{"line":58,"column":12},"end":{"line":65,"column":13}},"34":{"start":{"line":60,"column":16},"end":{"line":60,"column":22}},"35":{"start":{"line":62,"column":16},"end":{"line":62,"column":22}},"36":{"start":{"line":64,"column":16},"end":{"line":64,"column":22}},"37":{"start":{"line":69,"column":12},"end":{"line":83,"column":15}},"38":{"start":{"line":70,"column":14},"end":{"line":70,"column":37}},"39":{"start":{"line":71,"column":14},"end":{"line":71,"column":60}},"40":{"start":{"line":72,"column":16},"end":{"line":82,"column":15}},"41":{"start":{"line":73,"column":16},"end":{"line":81,"column":55}},"42":{"start":{"line":79,"column":29},"end":{"line":79,"column":51}},"43":{"start":{"line":80,"column":29},"end":{"line":80,"column":49}},"44":{"start":{"line":81,"column":33},"end":{"line":81,"column":53}},"45":{"start":{"line":89,"column":19},"end":{"line":92,"column":3}},"46":{"start":{"line":90,"column":15},"end":{"line":90,"column":166}},"47":{"start":{"line":91,"column":4},"end":{"line":91,"column":48}},"48":{"start":{"line":93,"column":22},"end":{"line":105,"column":3}},"49":{"start":{"line":94,"column":4},"end":{"line":94,"column":23}},"50":{"start":{"line":95,"column":18},"end":{"line":95,"column":20}},"51":{"start":{"line":96,"column":4},"end":{"line":96,"column":86}},"52":{"start":{"line":96,"column":31},"end":{"line":96,"column":84}},"53":{"start":{"line":97,"column":4},"end":{"line":97,"column":143}},"54":{"start":{"line":97,"column":33},"end":{"line":97,"column":141}},"55":{"start":{"line":97,"column":59},"end":{"line":97,"column":108}},"56":{"start":{"line":97,"column":118},"end":{"line":97,"column":139}},"57":{"start":{"line":98,"column":4},"end":{"line":99,"column":224}},"58":{"start":{"line":98,"column":30},"end":{"line":98,"column":140}},"59":{"start":{"line":98,"column":56},"end":{"line":98,"column":106}},"60":{"start":{"line":98,"column":116},"end":{"line":98,"column":138}},"61":{"start":{"line":99,"column":9},"end":{"line":99,"column":224}},"62":{"start":{"line":99,"column":35},"end":{"line":99,"column":222}},"63":{"start":{"line":99,"column":61},"end":{"line":99,"column":133}},"64":{"start":{"line":99,"column":142},"end":{"line":99,"column":220}},"65":{"start":{"line":101,"column":4},"end":{"line":104,"column":37}},"66":{"start":{"line":102,"column":6},"end":{"line":102,"column":15}},"67":{"start":{"line":103,"column":6},"end":{"line":103,"column":32}},"68":{"start":{"line":104,"column":13},"end":{"line":104,"column":35}},"69":{"start":{"line":107,"column":21},"end":{"line":123,"column":3}},"70":{"start":{"line":108,"column":4},"end":{"line":114,"column":5}},"71":{"start":{"line":109,"column":6},"end":{"line":113,"column":8}},"72":{"start":{"line":111,"column":38},"end":{"line":111,"column":92}},"73":{"start":{"line":115,"column":4},"end":{"line":122,"column":6}},"74":{"start":{"line":119,"column":38},"end":{"line":119,"column":92}},"75":{"start":{"line":125,"column":17},"end":{"line":134,"column":3}},"76":{"start":{"line":126,"column":4},"end":{"line":126,"column":23}},"77":{"start":{"line":127,"column":17},"end":{"line":127,"column":33}},"78":{"start":{"line":128,"column":14},"end":{"line":128,"column":31}},"79":{"start":{"line":129,"column":4},"end":{"line":132,"column":6}},"80":{"start":{"line":130,"column":6},"end":{"line":130,"column":33}},"81":{"start":{"line":131,"column":6},"end":{"line":131,"column":52}},"82":{"start":{"line":133,"column":4},"end":{"line":133,"column":43}},"83":{"start":{"line":133,"column":15},"end":{"line":133,"column":41}},"84":{"start":{"line":136,"column":2},"end":{"line":190,"column":4}},"85":{"start":{"line":143,"column":30},"end":{"line":143,"column":55}},"86":{"start":{"line":162,"column":59},"end":{"line":162,"column":84}},"87":{"start":{"line":169,"column":124},"end":{"line":169,"column":151}},"88":{"start":{"line":179,"column":130},"end":{"line":179,"column":154}},"89":{"start":{"line":188,"column":23},"end":{"line":188,"column":48}}},"fnMap":{"0":{"name":"(anonymous_0)","decl":{"start":{"line":6,"column":21},"end":{"line":6,"column":22}},"loc":{"start":{"line":6,"column":32},"end":{"line":191,"column":1}},"line":6},"1":{"name":"(anonymous_1)","decl":{"start":{"line":15,"column":12},"end":{"line":15,"column":13}},"loc":{"start":{"line":15,"column":18},"end":{"line":17,"column":3}},"line":15},"2":{"name":"(anonymous_2)","decl":{"start":{"line":19,"column":17},"end":{"line":19,"column":18}},"loc":{"start":{"line":19,"column":23},"end":{"line":88,"column":3}},"line":19},"3":{"name":"(anonymous_3)","decl":{"start":{"line":34,"column":14},"end":{"line":34,"column":15}},"loc":{"start":{"line":34,"column":20},"end":{"line":34,"column":46}},"line":34},"4":{"name":"(anonymous_4)","decl":{"start":{"line":35,"column":14},"end":{"line":35,"column":15}},"loc":{"start":{"line":35,"column":19},"end":{"line":35,"column":43}},"line":35},"5":{"name":"(anonymous_5)","decl":{"start":{"line":36,"column":15},"end":{"line":36,"column":16}},"loc":{"start":{"line":36,"column":23},"end":{"line":36,"column":43}},"line":36},"6":{"name":"uploadImageAsPromise","decl":{"start":{"line":39,"column":13},"end":{"line":39,"column":33}},"loc":{"start":{"line":39,"column":45},"end":{"line":87,"column":5}},"line":39},"7":{"name":"(anonymous_7)","decl":{"start":{"line":40,"column":25},"end":{"line":40,"column":26}},"loc":{"start":{"line":40,"column":52},"end":{"line":86,"column":7}},"line":40},"8":{"name":"(anonymous_8)","decl":{"start":{"line":45,"column":10},"end":{"line":45,"column":11}},"loc":{"start":{"line":45,"column":24},"end":{"line":56,"column":11}},"line":45},"9":{"name":"(anonymous_9)","decl":{"start":{"line":57,"column":10},"end":{"line":57,"column":11}},"loc":{"start":{"line":57,"column":21},"end":{"line":66,"column":11}},"line":57},"10":{"name":"(anonymous_10)","decl":{"start":{"line":67,"column":10},"end":{"line":67,"column":11}},"loc":{"start":{"line":67,"column":16},"end":{"line":84,"column":11}},"line":67},"11":{"name":"(anonymous_11)","decl":{"start":{"line":69,"column":52},"end":{"line":69,"column":53}},"loc":{"start":{"line":69,"column":69},"end":{"line":83,"column":13}},"line":69},"12":{"name":"(anonymous_12)","decl":{"start":{"line":79,"column":22},"end":{"line":79,"column":23}},"loc":{"start":{"line":79,"column":28},"end":{"line":79,"column":52}},"line":79},"13":{"name":"(anonymous_13)","decl":{"start":{"line":80,"column":23},"end":{"line":80,"column":24}},"loc":{"start":{"line":80,"column":28},"end":{"line":80,"column":50}},"line":80},"14":{"name":"(anonymous_14)","decl":{"start":{"line":81,"column":24},"end":{"line":81,"column":25}},"loc":{"start":{"line":81,"column":32},"end":{"line":81,"column":54}},"line":81},"15":{"name":"(anonymous_15)","decl":{"start":{"line":89,"column":19},"end":{"line":89,"column":20}},"loc":{"start":{"line":89,"column":30},"end":{"line":92,"column":3}},"line":89},"16":{"name":"(anonymous_16)","decl":{"start":{"line":93,"column":22},"end":{"line":93,"column":23}},"loc":{"start":{"line":93,"column":29},"end":{"line":105,"column":3}},"line":93},"17":{"name":"(anonymous_17)","decl":{"start":{"line":107,"column":21},"end":{"line":107,"column":22}},"loc":{"start":{"line":107,"column":27},"end":{"line":123,"column":3}},"line":107},"18":{"name":"(anonymous_18)","decl":{"start":{"line":111,"column":26},"end":{"line":111,"column":27}},"loc":{"start":{"line":111,"column":38},"end":{"line":111,"column":92}},"line":111},"19":{"name":"(anonymous_19)","decl":{"start":{"line":119,"column":26},"end":{"line":119,"column":27}},"loc":{"start":{"line":119,"column":38},"end":{"line":119,"column":92}},"line":119},"20":{"name":"(anonymous_20)","decl":{"start":{"line":125,"column":17},"end":{"line":125,"column":18}},"loc":{"start":{"line":125,"column":24},"end":{"line":134,"column":3}},"line":125},"21":{"name":"(anonymous_21)","decl":{"start":{"line":129,"column":23},"end":{"line":129,"column":24}},"loc":{"start":{"line":129,"column":29},"end":{"line":132,"column":5}},"line":129},"22":{"name":"(anonymous_22)","decl":{"start":{"line":143,"column":24},"end":{"line":143,"column":25}},"loc":{"start":{"line":143,"column":30},"end":{"line":143,"column":55}},"line":143},"23":{"name":"(anonymous_23)","decl":{"start":{"line":162,"column":52},"end":{"line":162,"column":53}},"loc":{"start":{"line":162,"column":59},"end":{"line":162,"column":84}},"line":162},"24":{"name":"(anonymous_24)","decl":{"start":{"line":169,"column":118},"end":{"line":169,"column":119}},"loc":{"start":{"line":169,"column":124},"end":{"line":169,"column":151}},"line":169},"25":{"name":"(anonymous_25)","decl":{"start":{"line":179,"column":124},"end":{"line":179,"column":125}},"loc":{"start":{"line":179,"column":130},"end":{"line":179,"column":154}},"line":179},"26":{"name":"(anonymous_26)","decl":{"start":{"line":188,"column":18},"end":{"line":188,"column":19}},"loc":{"start":{"line":188,"column":22},"end":{"line":188,"column":49}},"line":188}},"branchMap":{"0":{"loc":{"start":{"line":22,"column":4},"end":{"line":37,"column":5}},"type":"if","locations":[{"start":{"line":22,"column":4},"end":{"line":37,"column":5}},{"start":{"line":22,"column":4},"end":{"line":37,"column":5}}],"line":22},"1":{"loc":{"start":{"line":48,"column":12},"end":{"line":55,"column":13}},"type":"switch","locations":[{"start":{"line":49,"column":14},"end":{"line":51,"column":22}},{"start":{"line":52,"column":14},"end":{"line":54,"column":22}}],"line":48},"2":{"loc":{"start":{"line":58,"column":12},"end":{"line":65,"column":13}},"type":"switch","locations":[{"start":{"line":59,"column":14},"end":{"line":60,"column":22}},{"start":{"line":61,"column":14},"end":{"line":62,"column":22}},{"start":{"line":63,"column":14},"end":{"line":64,"column":22}}],"line":58},"3":{"loc":{"start":{"line":72,"column":16},"end":{"line":82,"column":15}},"type":"if","locations":[{"start":{"line":72,"column":16},"end":{"line":82,"column":15}},{"start":{"line":72,"column":16},"end":{"line":82,"column":15}}],"line":72},"4":{"loc":{"start":{"line":96,"column":4},"end":{"line":96,"column":86}},"type":"if","locations":[{"start":{"line":96,"column":4},"end":{"line":96,"column":86}},{"start":{"line":96,"column":4},"end":{"line":96,"column":86}}],"line":96},"5":{"loc":{"start":{"line":97,"column":4},"end":{"line":97,"column":143}},"type":"if","locations":[{"start":{"line":97,"column":4},"end":{"line":97,"column":143}},{"start":{"line":97,"column":4},"end":{"line":97,"column":143}}],"line":97},"6":{"loc":{"start":{"line":97,"column":33},"end":{"line":97,"column":141}},"type":"if","locations":[{"start":{"line":97,"column":33},"end":{"line":97,"column":141}},{"start":{"line":97,"column":33},"end":{"line":97,"column":141}}],"line":97},"7":{"loc":{"start":{"line":98,"column":4},"end":{"line":99,"column":224}},"type":"if","locations":[{"start":{"line":98,"column":4},"end":{"line":99,"column":224}},{"start":{"line":98,"column":4},"end":{"line":99,"column":224}}],"line":98},"8":{"loc":{"start":{"line":98,"column":30},"end":{"line":98,"column":140}},"type":"if","locations":[{"start":{"line":98,"column":30},"end":{"line":98,"column":140}},{"start":{"line":98,"column":30},"end":{"line":98,"column":140}}],"line":98},"9":{"loc":{"start":{"line":99,"column":9},"end":{"line":99,"column":224}},"type":"if","locations":[{"start":{"line":99,"column":9},"end":{"line":99,"column":224}},{"start":{"line":99,"column":9},"end":{"line":99,"column":224}}],"line":99},"10":{"loc":{"start":{"line":99,"column":35},"end":{"line":99,"column":222}},"type":"if","locations":[{"start":{"line":99,"column":35},"end":{"line":99,"column":222}},{"start":{"line":99,"column":35},"end":{"line":99,"column":222}}],"line":99},"11":{"loc":{"start":{"line":101,"column":4},"end":{"line":104,"column":37}},"type":"if","locations":[{"start":{"line":101,"column":4},"end":{"line":104,"column":37}},{"start":{"line":101,"column":4},"end":{"line":104,"column":37}}],"line":101},"12":{"loc":{"start":{"line":108,"column":4},"end":{"line":114,"column":5}},"type":"if","locations":[{"start":{"line":108,"column":4},"end":{"line":114,"column":5}},{"start":{"line":108,"column":4},"end":{"line":114,"column":5}}],"line":108},"13":{"loc":{"start":{"line":133,"column":4},"end":{"line":133,"column":43}},"type":"if","locations":[{"start":{"line":133,"column":4},"end":{"line":133,"column":43}},{"start":{"line":133,"column":4},"end":{"line":133,"column":43}}],"line":133}},"s":{"0":2,"1":7,"2":7,"3":7,"4":7,"5":7,"6":7,"7":7,"8":7,"9":3,"10":7,"11":0,"12":0,"13":0,"14":0,"15":0,"16":0,"17":0,"18":0,"19":0,"20":0,"21":0,"22":0,"23":0,"24":0,"25":0,"26":0,"27":0,"28":0,"29":0,"30":0,"31":0,"32":0,"33":0,"34":0,"35":0,"36":0,"37":0,"38":0,"39":0,"40":0,"41":0,"42":0,"43":0,"44":0,"45":7,"46":0,"47":0,"48":7,"49":0,"50":0,"51":0,"52":0,"53":0,"54":0,"55":0,"56":0,"57":0,"58":0,"59":0,"60":0,"61":0,"62":0,"63":0,"64":0,"65":0,"66":0,"67":0,"68":0,"69":7,"70":10,"71":0,"72":0,"73":10,"74":0,"75":7,"76":0,"77":0,"78":0,"79":0,"80":0,"81":0,"82":0,"83":0,"84":7,"85":0,"86":0,"87":0,"88":0,"89":0},"f":{"0":7,"1":3,"2":0,"3":0,"4":0,"5":0,"6":0,"7":0,"8":0,"9":0,"10":0,"11":0,"12":0,"13":0,"14":0,"15":0,"16":0,"17":10,"18":0,"19":0,"20":0,"21":0,"22":0,"23":0,"24":0,"25":0,"26":0},"b":{"0":[0,0],"1":[0,0],"2":[0,0,0],"3":[0,0],"4":[0,0],"5":[0,0],"6":[0,0],"7":[0,0],"8":[0,0],"9":[0,0],"10":[0,0],"11":[0,0],"12":[0,10],"13":[0,0]},"_coverageSchema":"1a1c01bbd47fc00a2c39e90264f33305004495a9","hash":"47e312e0891fcb6841ac1251a778454d00890b47"}
,"/Users/kun/Desktop/Project-Catwalk/react-client/src/components/Questions-Answers/AnswerPicture.jsx": {"path":"/Users/kun/Desktop/Project-Catwalk/react-client/src/components/Questions-Answers/AnswerPicture.jsx","statementMap":{"0":{"start":{"line":4,"column":22},"end":{"line":42,"column":1}},"1":{"start":{"line":5,"column":38},"end":{"line":5,"column":50}},"2":{"start":{"line":6,"column":37},"end":{"line":6,"column":52}},"3":{"start":{"line":8,"column":24},"end":{"line":11,"column":3}},"4":{"start":{"line":9,"column":4},"end":{"line":9,"column":25}},"5":{"start":{"line":10,"column":4},"end":{"line":10,"column":30}},"6":{"start":{"line":13,"column":18},"end":{"line":13,"column":38}},"7":{"start":{"line":13,"column":24},"end":{"line":13,"column":38}},"8":{"start":{"line":15,"column":2},"end":{"line":41,"column":4}},"9":{"start":{"line":20,"column":12},"end":{"line":34,"column":18}},"10":{"start":{"line":26,"column":38},"end":{"line":26,"column":63}},"11":{"start":{"line":29,"column":81},"end":{"line":29,"column":107}},"12":{"start":{"line":33,"column":52},"end":{"line":33,"column":73}}},"fnMap":{"0":{"name":"(anonymous_0)","decl":{"start":{"line":4,"column":22},"end":{"line":4,"column":23}},"loc":{"start":{"line":4,"column":33},"end":{"line":42,"column":1}},"line":4},"1":{"name":"(anonymous_1)","decl":{"start":{"line":8,"column":24},"end":{"line":8,"column":25}},"loc":{"start":{"line":8,"column":35},"end":{"line":11,"column":3}},"line":8},"2":{"name":"(anonymous_2)","decl":{"start":{"line":13,"column":18},"end":{"line":13,"column":19}},"loc":{"start":{"line":13,"column":24},"end":{"line":13,"column":38}},"line":13},"3":{"name":"(anonymous_3)","decl":{"start":{"line":19,"column":35},"end":{"line":19,"column":36}},"loc":{"start":{"line":20,"column":12},"end":{"line":34,"column":18}},"line":20},"4":{"name":"(anonymous_4)","decl":{"start":{"line":26,"column":32},"end":{"line":26,"column":33}},"loc":{"start":{"line":26,"column":38},"end":{"line":26,"column":63}},"line":26},"5":{"name":"(anonymous_5)","decl":{"start":{"line":29,"column":73},"end":{"line":29,"column":74}},"loc":{"start":{"line":29,"column":79},"end":{"line":29,"column":109}},"line":29},"6":{"name":"(anonymous_6)","decl":{"start":{"line":33,"column":44},"end":{"line":33,"column":45}},"loc":{"start":{"line":33,"column":50},"end":{"line":33,"column":75}},"line":33}},"branchMap":{"0":{"loc":{"start":{"line":17,"column":7},"end":{"line":38,"column":14}},"type":"cond-expr","locations":[{"start":{"line":18,"column":8},"end":{"line":36,"column":14}},{"start":{"line":38,"column":10},"end":{"line":38,"column":14}}],"line":17}},"s":{"0":2,"1":5,"2":5,"3":5,"4":0,"5":0,"6":5,"7":0,"8":5,"9":0,"10":0,"11":0,"12":0},"f":{"0":5,"1":0,"2":0,"3":0,"4":0,"5":0,"6":0},"b":{"0":[0,5]},"_coverageSchema":"1a1c01bbd47fc00a2c39e90264f33305004495a9","hash":"716b4375a83bf2df9645aa0457c33fb3b6e6e986"}
,"/Users/kun/Desktop/Project-Catwalk/react-client/src/components/Questions-Answers/Answers.jsx": {"path":"/Users/kun/Desktop/Project-Catwalk/react-client/src/components/Questions-Answers/Answers.jsx","statementMap":{"0":{"start":{"line":7,"column":16},"end":{"line":154,"column":1}},"1":{"start":{"line":8,"column":32},"end":{"line":8,"column":44}},"2":{"start":{"line":9,"column":46},"end":{"line":9,"column":58}},"3":{"start":{"line":10,"column":40},"end":{"line":10,"column":55}},"4":{"start":{"line":11,"column":34},"end":{"line":11,"column":49}},"5":{"start":{"line":12,"column":30},"end":{"line":12,"column":42}},"6":{"start":{"line":14,"column":2},"end":{"line":16,"column":43}},"7":{"start":{"line":15,"column":4},"end":{"line":15,"column":17}},"8":{"start":{"line":17,"column":19},"end":{"line":24,"column":3}},"9":{"start":{"line":18,"column":19},"end":{"line":18,"column":24}},"10":{"start":{"line":19,"column":4},"end":{"line":23,"column":47}},"11":{"start":{"line":21,"column":8},"end":{"line":21,"column":45}},"12":{"start":{"line":23,"column":24},"end":{"line":23,"column":43}},"13":{"start":{"line":25,"column":30},"end":{"line":31,"column":3}},"14":{"start":{"line":26,"column":15},"end":{"line":26,"column":40}},"15":{"start":{"line":27,"column":4},"end":{"line":27,"column":57}},"16":{"start":{"line":27,"column":37},"end":{"line":27,"column":55}},"17":{"start":{"line":28,"column":4},"end":{"line":30,"column":45}},"18":{"start":{"line":29,"column":20},"end":{"line":29,"column":33}},"19":{"start":{"line":30,"column":24},"end":{"line":30,"column":41}},"20":{"start":{"line":33,"column":23},"end":{"line":38,"column":3}},"21":{"start":{"line":34,"column":15},"end":{"line":34,"column":31}},"22":{"start":{"line":35,"column":4},"end":{"line":35,"column":48}},"23":{"start":{"line":35,"column":29},"end":{"line":35,"column":47}},"24":{"start":{"line":36,"column":4},"end":{"line":37,"column":45}},"25":{"start":{"line":37,"column":24},"end":{"line":37,"column":41}},"26":{"start":{"line":40,"column":24},"end":{"line":135,"column":3}},"27":{"start":{"line":41,"column":17},"end":{"line":41,"column":38}},"28":{"start":{"line":42,"column":4},"end":{"line":134,"column":6}},"29":{"start":{"line":63,"column":54},"end":{"line":63,"column":82}},"30":{"start":{"line":88,"column":117},"end":{"line":88,"column":138}},"31":{"start":{"line":106,"column":56},"end":{"line":106,"column":84}},"32":{"start":{"line":130,"column":119},"end":{"line":130,"column":140}},"33":{"start":{"line":137,"column":2},"end":{"line":153,"column":4}},"34":{"start":{"line":142,"column":56},"end":{"line":142,"column":84}},"35":{"start":{"line":143,"column":112},"end":{"line":143,"column":141}},"36":{"start":{"line":148,"column":44},"end":{"line":148,"column":72}},"37":{"start":{"line":149,"column":112},"end":{"line":149,"column":141}}},"fnMap":{"0":{"name":"(anonymous_0)","decl":{"start":{"line":7,"column":16},"end":{"line":7,"column":17}},"loc":{"start":{"line":7,"column":27},"end":{"line":154,"column":1}},"line":7},"1":{"name":"(anonymous_1)","decl":{"start":{"line":14,"column":12},"end":{"line":14,"column":13}},"loc":{"start":{"line":14,"column":18},"end":{"line":16,"column":3}},"line":14},"2":{"name":"(anonymous_2)","decl":{"start":{"line":17,"column":19},"end":{"line":17,"column":20}},"loc":{"start":{"line":17,"column":25},"end":{"line":24,"column":3}},"line":17},"3":{"name":"(anonymous_3)","decl":{"start":{"line":20,"column":12},"end":{"line":20,"column":13}},"loc":{"start":{"line":20,"column":29},"end":{"line":22,"column":7}},"line":20},"4":{"name":"(anonymous_4)","decl":{"start":{"line":23,"column":13},"end":{"line":23,"column":14}},"loc":{"start":{"line":23,"column":22},"end":{"line":23,"column":45}},"line":23},"5":{"name":"(anonymous_5)","decl":{"start":{"line":25,"column":30},"end":{"line":25,"column":31}},"loc":{"start":{"line":25,"column":42},"end":{"line":31,"column":3}},"line":25},"6":{"name":"(anonymous_6)","decl":{"start":{"line":27,"column":22},"end":{"line":27,"column":23}},"loc":{"start":{"line":27,"column":37},"end":{"line":27,"column":55}},"line":27},"7":{"name":"(anonymous_7)","decl":{"start":{"line":29,"column":12},"end":{"line":29,"column":13}},"loc":{"start":{"line":29,"column":18},"end":{"line":29,"column":35}},"line":29},"8":{"name":"(anonymous_8)","decl":{"start":{"line":30,"column":13},"end":{"line":30,"column":14}},"loc":{"start":{"line":30,"column":22},"end":{"line":30,"column":43}},"line":30},"9":{"name":"(anonymous_9)","decl":{"start":{"line":33,"column":23},"end":{"line":33,"column":24}},"loc":{"start":{"line":33,"column":35},"end":{"line":38,"column":3}},"line":33},"10":{"name":"(anonymous_10)","decl":{"start":{"line":35,"column":14},"end":{"line":35,"column":15}},"loc":{"start":{"line":35,"column":29},"end":{"line":35,"column":47}},"line":35},"11":{"name":"(anonymous_11)","decl":{"start":{"line":37,"column":13},"end":{"line":37,"column":14}},"loc":{"start":{"line":37,"column":22},"end":{"line":37,"column":43}},"line":37},"12":{"name":"(anonymous_12)","decl":{"start":{"line":40,"column":24},"end":{"line":40,"column":25}},"loc":{"start":{"line":40,"column":43},"end":{"line":135,"column":3}},"line":40},"13":{"name":"(anonymous_13)","decl":{"start":{"line":63,"column":46},"end":{"line":63,"column":47}},"loc":{"start":{"line":63,"column":52},"end":{"line":63,"column":84}},"line":63},"14":{"name":"(anonymous_14)","decl":{"start":{"line":88,"column":109},"end":{"line":88,"column":110}},"loc":{"start":{"line":88,"column":115},"end":{"line":88,"column":140}},"line":88},"15":{"name":"(anonymous_15)","decl":{"start":{"line":106,"column":48},"end":{"line":106,"column":49}},"loc":{"start":{"line":106,"column":54},"end":{"line":106,"column":86}},"line":106},"16":{"name":"(anonymous_16)","decl":{"start":{"line":130,"column":111},"end":{"line":130,"column":112}},"loc":{"start":{"line":130,"column":117},"end":{"line":130,"column":142}},"line":130},"17":{"name":"(anonymous_17)","decl":{"start":{"line":142,"column":37},"end":{"line":142,"column":38}},"loc":{"start":{"line":142,"column":56},"end":{"line":142,"column":84}},"line":142},"18":{"name":"(anonymous_18)","decl":{"start":{"line":143,"column":104},"end":{"line":143,"column":105}},"loc":{"start":{"line":143,"column":110},"end":{"line":143,"column":143}},"line":143},"19":{"name":"(anonymous_19)","decl":{"start":{"line":148,"column":25},"end":{"line":148,"column":26}},"loc":{"start":{"line":148,"column":44},"end":{"line":148,"column":72}},"line":148},"20":{"name":"(anonymous_20)","decl":{"start":{"line":149,"column":104},"end":{"line":149,"column":105}},"loc":{"start":{"line":149,"column":110},"end":{"line":149,"column":143}},"line":149}},"branchMap":{"0":{"loc":{"start":{"line":26,"column":15},"end":{"line":26,"column":40}},"type":"binary-expr","locations":[{"start":{"line":26,"column":15},"end":{"line":26,"column":31}},{"start":{"line":26,"column":35},"end":{"line":26,"column":40}}],"line":26},"1":{"loc":{"start":{"line":51,"column":9},"end":{"line":132,"column":11}},"type":"cond-expr","locations":[{"start":{"line":52,"column":10},"end":{"line":89,"column":16}},{"start":{"line":92,"column":12},"end":{"line":131,"column":18}}],"line":51},"2":{"loc":{"start":{"line":60,"column":15},"end":{"line":86,"column":17}},"type":"cond-expr","locations":[{"start":{"line":61,"column":16},"end":{"line":73,"column":22}},{"start":{"line":77,"column":18},"end":{"line":85,"column":24}}],"line":60},"3":{"loc":{"start":{"line":88,"column":13},"end":{"line":88,"column":247}},"type":"cond-expr","locations":[{"start":{"line":88,"column":55},"end":{"line":88,"column":181}},{"start":{"line":88,"column":184},"end":{"line":88,"column":247}}],"line":88},"4":{"loc":{"start":{"line":103,"column":17},"end":{"line":128,"column":19}},"type":"cond-expr","locations":[{"start":{"line":104,"column":18},"end":{"line":116,"column":24}},{"start":{"line":119,"column":20},"end":{"line":127,"column":26}}],"line":103},"5":{"loc":{"start":{"line":130,"column":15},"end":{"line":130,"column":249}},"type":"cond-expr","locations":[{"start":{"line":130,"column":57},"end":{"line":130,"column":183}},{"start":{"line":130,"column":186},"end":{"line":130,"column":249}}],"line":130},"6":{"loc":{"start":{"line":139,"column":7},"end":{"line":151,"column":9}},"type":"cond-expr","locations":[{"start":{"line":141,"column":10},"end":{"line":144,"column":16}},{"start":{"line":147,"column":10},"end":{"line":150,"column":16}}],"line":139},"7":{"loc":{"start":{"line":143,"column":13},"end":{"line":143,"column":177}},"type":"cond-expr","locations":[{"start":{"line":143,"column":34},"end":{"line":143,"column":170}},{"start":{"line":143,"column":173},"end":{"line":143,"column":177}}],"line":143},"8":{"loc":{"start":{"line":149,"column":13},"end":{"line":149,"column":177}},"type":"cond-expr","locations":[{"start":{"line":149,"column":34},"end":{"line":149,"column":170}},{"start":{"line":149,"column":173},"end":{"line":149,"column":177}}],"line":149}},"s":{"0":1,"1":0,"2":0,"3":0,"4":0,"5":0,"6":0,"7":0,"8":0,"9":0,"10":0,"11":0,"12":0,"13":0,"14":0,"15":0,"16":0,"17":0,"18":0,"19":0,"20":0,"21":0,"22":0,"23":0,"24":0,"25":0,"26":0,"27":0,"28":0,"29":0,"30":0,"31":0,"32":0,"33":0,"34":0,"35":0,"36":0,"37":0},"f":{"0":0,"1":0,"2":0,"3":0,"4":0,"5":0,"6":0,"7":0,"8":0,"9":0,"10":0,"11":0,"12":0,"13":0,"14":0,"15":0,"16":0,"17":0,"18":0,"19":0,"20":0},"b":{"0":[0,0],"1":[0,0],"2":[0,0],"3":[0,0],"4":[0,0],"5":[0,0],"6":[0,0],"7":[0,0],"8":[0,0]},"_coverageSchema":"1a1c01bbd47fc00a2c39e90264f33305004495a9","hash":"b77fb983f6e202c7f8c8caa03ecafe1452ad4602"}
,"/Users/kun/Desktop/Project-Catwalk/react-client/src/components/Questions-Answers/QA.jsx": {"path":"/Users/kun/Desktop/Project-Catwalk/react-client/src/components/Questions-Answers/QA.jsx","statementMap":{"0":{"start":{"line":7,"column":10},"end":{"line":14,"column":1}},"1":{"start":{"line":9,"column":2},"end":{"line":13,"column":3}}},"fnMap":{"0":{"name":"(anonymous_0)","decl":{"start":{"line":7,"column":10},"end":{"line":7,"column":11}},"loc":{"start":{"line":7,"column":21},"end":{"line":14,"column":1}},"line":7}},"branchMap":{},"s":{"0":1,"1":2},"f":{"0":2},"b":{},"_coverageSchema":"1a1c01bbd47fc00a2c39e90264f33305004495a9","hash":"57abb68f9ca18dd2968c3e46b367a5b38a5c9e90"}
,"/Users/kun/Desktop/Project-Catwalk/react-client/src/components/Questions-Answers/QuestionModals.jsx": {"path":"/Users/kun/Desktop/Project-Catwalk/react-client/src/components/Questions-Answers/QuestionModals.jsx","statementMap":{"0":{"start":{"line":7,"column":23},"end":{"line":93,"column":1}},"1":{"start":{"line":8,"column":33},"end":{"line":8,"column":48}},"2":{"start":{"line":9,"column":34},"end":{"line":9,"column":46}},"3":{"start":{"line":10,"column":34},"end":{"line":10,"column":46}},"4":{"start":{"line":11,"column":28},"end":{"line":11,"column":40}},"5":{"start":{"line":13,"column":2},"end":{"line":15,"column":9}},"6":{"start":{"line":16,"column":23},"end":{"line":26,"column":3}},"7":{"start":{"line":17,"column":4},"end":{"line":17,"column":26}},"8":{"start":{"line":18,"column":4},"end":{"line":25,"column":47}},"9":{"start":{"line":24,"column":20},"end":{"line":24,"column":41}},"10":{"start":{"line":25,"column":24},"end":{"line":25,"column":43}},"11":{"start":{"line":28,"column":21},"end":{"line":31,"column":3}},"12":{"start":{"line":29,"column":15},"end":{"line":29,"column":166}},"13":{"start":{"line":30,"column":4},"end":{"line":30,"column":44}},"14":{"start":{"line":32,"column":24},"end":{"line":44,"column":3}},"15":{"start":{"line":33,"column":4},"end":{"line":33,"column":23}},"16":{"start":{"line":34,"column":18},"end":{"line":34,"column":20}},"17":{"start":{"line":35,"column":4},"end":{"line":35,"column":86}},"18":{"start":{"line":35,"column":33},"end":{"line":35,"column":85}},"19":{"start":{"line":36,"column":4},"end":{"line":36,"column":143}},"20":{"start":{"line":36,"column":33},"end":{"line":36,"column":141}},"21":{"start":{"line":36,"column":59},"end":{"line":36,"column":108}},"22":{"start":{"line":36,"column":118},"end":{"line":36,"column":139}},"23":{"start":{"line":37,"column":4},"end":{"line":39,"column":227}},"24":{"start":{"line":38,"column":6},"end":{"line":38,"column":116}},"25":{"start":{"line":38,"column":32},"end":{"line":38,"column":82}},"26":{"start":{"line":38,"column":92},"end":{"line":38,"column":114}},"27":{"start":{"line":39,"column":11},"end":{"line":39,"column":227}},"28":{"start":{"line":39,"column":37},"end":{"line":39,"column":225}},"29":{"start":{"line":39,"column":63},"end":{"line":39,"column":135}},"30":{"start":{"line":39,"column":145},"end":{"line":39,"column":223}},"31":{"start":{"line":41,"column":4},"end":{"line":43,"column":37}},"32":{"start":{"line":42,"column":6},"end":{"line":42,"column":21}},"33":{"start":{"line":43,"column":13},"end":{"line":43,"column":35}},"34":{"start":{"line":46,"column":2},"end":{"line":92,"column":4}},"35":{"start":{"line":53,"column":30},"end":{"line":53,"column":51}},"36":{"start":{"line":65,"column":102},"end":{"line":65,"column":129}},"37":{"start":{"line":72,"column":110},"end":{"line":72,"column":137}},"38":{"start":{"line":82,"column":128},"end":{"line":82,"column":152}},"39":{"start":{"line":90,"column":65},"end":{"line":90,"column":87}}},"fnMap":{"0":{"name":"(anonymous_0)","decl":{"start":{"line":7,"column":23},"end":{"line":7,"column":24}},"loc":{"start":{"line":7,"column":34},"end":{"line":93,"column":1}},"line":7},"1":{"name":"(anonymous_1)","decl":{"start":{"line":13,"column":12},"end":{"line":13,"column":13}},"loc":{"start":{"line":13,"column":18},"end":{"line":15,"column":3}},"line":13},"2":{"name":"(anonymous_2)","decl":{"start":{"line":16,"column":23},"end":{"line":16,"column":24}},"loc":{"start":{"line":16,"column":29},"end":{"line":26,"column":3}},"line":16},"3":{"name":"(anonymous_3)","decl":{"start":{"line":24,"column":12},"end":{"line":24,"column":13}},"loc":{"start":{"line":24,"column":18},"end":{"line":24,"column":43}},"line":24},"4":{"name":"(anonymous_4)","decl":{"start":{"line":25,"column":13},"end":{"line":25,"column":14}},"loc":{"start":{"line":25,"column":22},"end":{"line":25,"column":45}},"line":25},"5":{"name":"(anonymous_5)","decl":{"start":{"line":28,"column":21},"end":{"line":28,"column":22}},"loc":{"start":{"line":28,"column":28},"end":{"line":31,"column":3}},"line":28},"6":{"name":"(anonymous_6)","decl":{"start":{"line":32,"column":24},"end":{"line":32,"column":25}},"loc":{"start":{"line":32,"column":31},"end":{"line":44,"column":3}},"line":32},"7":{"name":"(anonymous_7)","decl":{"start":{"line":53,"column":24},"end":{"line":53,"column":25}},"loc":{"start":{"line":53,"column":30},"end":{"line":53,"column":51}},"line":53},"8":{"name":"(anonymous_8)","decl":{"start":{"line":65,"column":95},"end":{"line":65,"column":96}},"loc":{"start":{"line":65,"column":102},"end":{"line":65,"column":129}},"line":65},"9":{"name":"(anonymous_9)","decl":{"start":{"line":72,"column":104},"end":{"line":72,"column":105}},"loc":{"start":{"line":72,"column":110},"end":{"line":72,"column":137}},"line":72},"10":{"name":"(anonymous_10)","decl":{"start":{"line":82,"column":121},"end":{"line":82,"column":122}},"loc":{"start":{"line":82,"column":128},"end":{"line":82,"column":152}},"line":82},"11":{"name":"(anonymous_11)","decl":{"start":{"line":90,"column":57},"end":{"line":90,"column":58}},"loc":{"start":{"line":90,"column":63},"end":{"line":90,"column":89}},"line":90}},"branchMap":{"0":{"loc":{"start":{"line":35,"column":4},"end":{"line":35,"column":86}},"type":"if","locations":[{"start":{"line":35,"column":4},"end":{"line":35,"column":86}},{"start":{"line":35,"column":4},"end":{"line":35,"column":86}}],"line":35},"1":{"loc":{"start":{"line":36,"column":4},"end":{"line":36,"column":143}},"type":"if","locations":[{"start":{"line":36,"column":4},"end":{"line":36,"column":143}},{"start":{"line":36,"column":4},"end":{"line":36,"column":143}}],"line":36},"2":{"loc":{"start":{"line":36,"column":33},"end":{"line":36,"column":141}},"type":"if","locations":[{"start":{"line":36,"column":33},"end":{"line":36,"column":141}},{"start":{"line":36,"column":33},"end":{"line":36,"column":141}}],"line":36},"3":{"loc":{"start":{"line":37,"column":4},"end":{"line":39,"column":227}},"type":"if","locations":[{"start":{"line":37,"column":4},"end":{"line":39,"column":227}},{"start":{"line":37,"column":4},"end":{"line":39,"column":227}}],"line":37},"4":{"loc":{"start":{"line":38,"column":6},"end":{"line":38,"column":116}},"type":"if","locations":[{"start":{"line":38,"column":6},"end":{"line":38,"column":116}},{"start":{"line":38,"column":6},"end":{"line":38,"column":116}}],"line":38},"5":{"loc":{"start":{"line":39,"column":11},"end":{"line":39,"column":227}},"type":"if","locations":[{"start":{"line":39,"column":11},"end":{"line":39,"column":227}},{"start":{"line":39,"column":11},"end":{"line":39,"column":227}}],"line":39},"6":{"loc":{"start":{"line":39,"column":37},"end":{"line":39,"column":225}},"type":"if","locations":[{"start":{"line":39,"column":37},"end":{"line":39,"column":225}},{"start":{"line":39,"column":37},"end":{"line":39,"column":225}}],"line":39},"7":{"loc":{"start":{"line":41,"column":4},"end":{"line":43,"column":37}},"type":"if","locations":[{"start":{"line":41,"column":4},"end":{"line":43,"column":37}},{"start":{"line":41,"column":4},"end":{"line":43,"column":37}}],"line":41}},"s":{"0":2,"1":11,"2":11,"3":11,"4":11,"5":11,"6":11,"7":0,"8":0,"9":0,"10":0,"11":11,"12":0,"13":0,"14":11,"15":0,"16":0,"17":0,"18":0,"19":0,"20":0,"21":0,"22":0,"23":0,"24":0,"25":0,"26":0,"27":0,"28":0,"29":0,"30":0,"31":0,"32":0,"33":0,"34":11,"35":0,"36":0,"37":0,"38":0,"39":0},"f":{"0":11,"1":7,"2":0,"3":0,"4":0,"5":0,"6":0,"7":0,"8":0,"9":0,"10":0,"11":0},"b":{"0":[0,0],"1":[0,0],"2":[0,0],"3":[0,0],"4":[0,0],"5":[0,0],"6":[0,0],"7":[0,0]},"_coverageSchema":"1a1c01bbd47fc00a2c39e90264f33305004495a9","hash":"f67415c454c8f671295be3c5a0bb9ec5c727e10d"}
,"/Users/kun/Desktop/Project-Catwalk/react-client/src/components/Questions-Answers/Questions.jsx": {"path":"/Users/kun/Desktop/Project-Catwalk/react-client/src/components/Questions-Answers/Questions.jsx","statementMap":{"0":{"start":{"line":13,"column":18},"end":{"line":153,"column":1}},"1":{"start":{"line":14,"column":36},"end":{"line":14,"column":48}},"2":{"start":{"line":15,"column":37},"end":{"line":15,"column":52}},"3":{"start":{"line":16,"column":47},"end":{"line":16,"column":58}},"4":{"start":{"line":17,"column":46},"end":{"line":17,"column":58}},"5":{"start":{"line":18,"column":40},"end":{"line":18,"column":52}},"6":{"start":{"line":19,"column":30},"end":{"line":19,"column":42}},"7":{"start":{"line":20,"column":30},"end":{"line":20,"column":42}},"8":{"start":{"line":23,"column":2},"end":{"line":25,"column":29}},"9":{"start":{"line":24,"column":4},"end":{"line":24,"column":19}},"10":{"start":{"line":27,"column":21},"end":{"line":35,"column":3}},"11":{"start":{"line":28,"column":4},"end":{"line":34,"column":5}},"12":{"start":{"line":29,"column":17},"end":{"line":29,"column":40}},"13":{"start":{"line":30,"column":6},"end":{"line":33,"column":11}},"14":{"start":{"line":32,"column":10},"end":{"line":32,"column":46}},"15":{"start":{"line":37,"column":30},"end":{"line":43,"column":3}},"16":{"start":{"line":38,"column":15},"end":{"line":38,"column":35}},"17":{"start":{"line":39,"column":4},"end":{"line":39,"column":54}},"18":{"start":{"line":39,"column":34},"end":{"line":39,"column":52}},"19":{"start":{"line":40,"column":4},"end":{"line":42,"column":45}},"20":{"start":{"line":41,"column":20},"end":{"line":41,"column":35}},"21":{"start":{"line":42,"column":24},"end":{"line":42,"column":41}},"22":{"start":{"line":45,"column":25},"end":{"line":51,"column":3}},"23":{"start":{"line":46,"column":15},"end":{"line":46,"column":35}},"24":{"start":{"line":47,"column":4},"end":{"line":47,"column":46}},"25":{"start":{"line":47,"column":26},"end":{"line":47,"column":44}},"26":{"start":{"line":48,"column":4},"end":{"line":50,"column":45}},"27":{"start":{"line":49,"column":20},"end":{"line":49,"column":42}},"28":{"start":{"line":50,"column":24},"end":{"line":50,"column":41}},"29":{"start":{"line":53,"column":25},"end":{"line":93,"column":3}},"30":{"start":{"line":54,"column":17},"end":{"line":54,"column":49}},"31":{"start":{"line":55,"column":4},"end":{"line":92,"column":6}},"32":{"start":{"line":62,"column":73},"end":{"line":62,"column":103}},"33":{"start":{"line":89,"column":96},"end":{"line":89,"column":121}},"34":{"start":{"line":95,"column":21},"end":{"line":98,"column":3}},"35":{"start":{"line":96,"column":4},"end":{"line":96,"column":21}},"36":{"start":{"line":97,"column":4},"end":{"line":97,"column":43}},"37":{"start":{"line":100,"column":20},"end":{"line":105,"column":3}},"38":{"start":{"line":101,"column":19},"end":{"line":101,"column":87}},"39":{"start":{"line":102,"column":4},"end":{"line":104,"column":5}},"40":{"start":{"line":103,"column":6},"end":{"line":103,"column":45}},"41":{"start":{"line":107,"column":28},"end":{"line":137,"column":3}},"42":{"start":{"line":108,"column":4},"end":{"line":124,"column":5}},"43":{"start":{"line":109,"column":6},"end":{"line":123,"column":8}},"44":{"start":{"line":113,"column":70},"end":{"line":113,"column":94}},"45":{"start":{"line":117,"column":93},"end":{"line":117,"column":106}},"46":{"start":{"line":125,"column":4},"end":{"line":136,"column":6}},"47":{"start":{"line":127,"column":64},"end":{"line":127,"column":88}},"48":{"start":{"line":131,"column":89},"end":{"line":131,"column":102}},"49":{"start":{"line":138,"column":2},"end":{"line":152,"column":4}}},"fnMap":{"0":{"name":"(anonymous_0)","decl":{"start":{"line":13,"column":18},"end":{"line":13,"column":19}},"loc":{"start":{"line":13,"column":29},"end":{"line":153,"column":1}},"line":13},"1":{"name":"(anonymous_1)","decl":{"start":{"line":23,"column":12},"end":{"line":23,"column":13}},"loc":{"start":{"line":23,"column":18},"end":{"line":25,"column":3}},"line":23},"2":{"name":"(anonymous_2)","decl":{"start":{"line":27,"column":21},"end":{"line":27,"column":22}},"loc":{"start":{"line":27,"column":27},"end":{"line":35,"column":3}},"line":27},"3":{"name":"(anonymous_3)","decl":{"start":{"line":31,"column":14},"end":{"line":31,"column":15}},"loc":{"start":{"line":31,"column":28},"end":{"line":33,"column":9}},"line":31},"4":{"name":"(anonymous_4)","decl":{"start":{"line":37,"column":30},"end":{"line":37,"column":31}},"loc":{"start":{"line":37,"column":44},"end":{"line":43,"column":3}},"line":37},"5":{"name":"(anonymous_5)","decl":{"start":{"line":39,"column":22},"end":{"line":39,"column":23}},"loc":{"start":{"line":39,"column":34},"end":{"line":39,"column":52}},"line":39},"6":{"name":"(anonymous_6)","decl":{"start":{"line":41,"column":12},"end":{"line":41,"column":13}},"loc":{"start":{"line":41,"column":18},"end":{"line":41,"column":37}},"line":41},"7":{"name":"(anonymous_7)","decl":{"start":{"line":42,"column":13},"end":{"line":42,"column":14}},"loc":{"start":{"line":42,"column":22},"end":{"line":42,"column":43}},"line":42},"8":{"name":"(anonymous_8)","decl":{"start":{"line":45,"column":25},"end":{"line":45,"column":26}},"loc":{"start":{"line":45,"column":39},"end":{"line":51,"column":3}},"line":45},"9":{"name":"(anonymous_9)","decl":{"start":{"line":47,"column":14},"end":{"line":47,"column":15}},"loc":{"start":{"line":47,"column":26},"end":{"line":47,"column":44}},"line":47},"10":{"name":"(anonymous_10)","decl":{"start":{"line":49,"column":12},"end":{"line":49,"column":13}},"loc":{"start":{"line":49,"column":18},"end":{"line":49,"column":44}},"line":49},"11":{"name":"(anonymous_11)","decl":{"start":{"line":50,"column":13},"end":{"line":50,"column":14}},"loc":{"start":{"line":50,"column":22},"end":{"line":50,"column":43}},"line":50},"12":{"name":"(anonymous_12)","decl":{"start":{"line":53,"column":25},"end":{"line":53,"column":26}},"loc":{"start":{"line":53,"column":46},"end":{"line":93,"column":3}},"line":53},"13":{"name":"(anonymous_13)","decl":{"start":{"line":62,"column":65},"end":{"line":62,"column":66}},"loc":{"start":{"line":62,"column":71},"end":{"line":62,"column":105}},"line":62},"14":{"name":"(anonymous_14)","decl":{"start":{"line":89,"column":88},"end":{"line":89,"column":89}},"loc":{"start":{"line":89,"column":94},"end":{"line":89,"column":123}},"line":89},"15":{"name":"(anonymous_15)","decl":{"start":{"line":95,"column":21},"end":{"line":95,"column":22}},"loc":{"start":{"line":95,"column":27},"end":{"line":98,"column":3}},"line":95},"16":{"name":"(anonymous_16)","decl":{"start":{"line":100,"column":20},"end":{"line":100,"column":21}},"loc":{"start":{"line":100,"column":27},"end":{"line":105,"column":3}},"line":100},"17":{"name":"(anonymous_17)","decl":{"start":{"line":107,"column":28},"end":{"line":107,"column":29}},"loc":{"start":{"line":107,"column":34},"end":{"line":137,"column":3}},"line":107},"18":{"name":"(anonymous_18)","decl":{"start":{"line":113,"column":55},"end":{"line":113,"column":56}},"loc":{"start":{"line":113,"column":70},"end":{"line":113,"column":94}},"line":113},"19":{"name":"(anonymous_19)","decl":{"start":{"line":117,"column":85},"end":{"line":117,"column":86}},"loc":{"start":{"line":117,"column":91},"end":{"line":117,"column":108}},"line":117},"20":{"name":"(anonymous_20)","decl":{"start":{"line":127,"column":49},"end":{"line":127,"column":50}},"loc":{"start":{"line":127,"column":64},"end":{"line":127,"column":88}},"line":127},"21":{"name":"(anonymous_21)","decl":{"start":{"line":131,"column":81},"end":{"line":131,"column":82}},"loc":{"start":{"line":131,"column":87},"end":{"line":131,"column":104}},"line":131}},"branchMap":{"0":{"loc":{"start":{"line":28,"column":4},"end":{"line":34,"column":5}},"type":"if","locations":[{"start":{"line":28,"column":4},"end":{"line":34,"column":5}},{"start":{"line":28,"column":4},"end":{"line":34,"column":5}}],"line":28},"1":{"loc":{"start":{"line":59,"column":57},"end":{"line":59,"column":181}},"type":"cond-expr","locations":[{"start":{"line":59,"column":77},"end":{"line":59,"column":156}},{"start":{"line":59,"column":159},"end":{"line":59,"column":181}}],"line":59},"2":{"loc":{"start":{"line":60,"column":11},"end":{"line":78,"column":13}},"type":"cond-expr","locations":[{"start":{"line":62,"column":14},"end":{"line":68,"column":20}},{"start":{"line":71,"column":14},"end":{"line":77,"column":20}}],"line":60},"3":{"loc":{"start":{"line":89,"column":11},"end":{"line":89,"column":201}},"type":"cond-expr","locations":[{"start":{"line":89,"column":57},"end":{"line":89,"column":161}},{"start":{"line":89,"column":163},"end":{"line":89,"column":201}}],"line":89},"4":{"loc":{"start":{"line":102,"column":4},"end":{"line":104,"column":5}},"type":"if","locations":[{"start":{"line":102,"column":4},"end":{"line":104,"column":5}},{"start":{"line":102,"column":4},"end":{"line":104,"column":5}}],"line":102},"5":{"loc":{"start":{"line":102,"column":8},"end":{"line":102,"column":30}},"type":"binary-expr","locations":[{"start":{"line":102,"column":8},"end":{"line":102,"column":14}},{"start":{"line":102,"column":18},"end":{"line":102,"column":30}}],"line":102},"6":{"loc":{"start":{"line":108,"column":4},"end":{"line":124,"column":5}},"type":"if","locations":[{"start":{"line":108,"column":4},"end":{"line":124,"column":5}},{"start":{"line":108,"column":4},"end":{"line":124,"column":5}}],"line":108},"7":{"loc":{"start":{"line":110,"column":61},"end":{"line":110,"column":109}},"type":"cond-expr","locations":[{"start":{"line":110,"column":83},"end":{"line":110,"column":94}},{"start":{"line":110,"column":97},"end":{"line":110,"column":109}}],"line":110},"8":{"loc":{"start":{"line":114,"column":13},"end":{"line":120,"column":95}},"type":"cond-expr","locations":[{"start":{"line":116,"column":16},"end":{"line":119,"column":22}},{"start":{"line":120,"column":18},"end":{"line":120,"column":95}}],"line":114},"9":{"loc":{"start":{"line":126,"column":59},"end":{"line":126,"column":107}},"type":"cond-expr","locations":[{"start":{"line":126,"column":81},"end":{"line":126,"column":92}},{"start":{"line":126,"column":95},"end":{"line":126,"column":107}}],"line":126},"10":{"loc":{"start":{"line":128,"column":9},"end":{"line":134,"column":91}},"type":"cond-expr","locations":[{"start":{"line":130,"column":12},"end":{"line":133,"column":18}},{"start":{"line":134,"column":14},"end":{"line":134,"column":91}}],"line":128},"11":{"loc":{"start":{"line":140,"column":7},"end":{"line":150,"column":87}},"type":"cond-expr","locations":[{"start":{"line":142,"column":10},"end":{"line":148,"column":16}},{"start":{"line":150,"column":10},"end":{"line":150,"column":87}}],"line":140}},"s":{"0":1,"1":1,"2":1,"3":1,"4":1,"5":1,"6":1,"7":1,"8":1,"9":1,"10":1,"11":1,"12":0,"13":0,"14":0,"15":1,"16":0,"17":0,"18":0,"19":0,"20":0,"21":0,"22":1,"23":0,"24":0,"25":0,"26":0,"27":0,"28":0,"29":1,"30":0,"31":0,"32":0,"33":0,"34":1,"35":0,"36":0,"37":1,"38":0,"39":0,"40":0,"41":1,"42":0,"43":0,"44":0,"45":0,"46":0,"47":0,"48":0,"49":1},"f":{"0":1,"1":1,"2":1,"3":0,"4":0,"5":0,"6":0,"7":0,"8":0,"9":0,"10":0,"11":0,"12":0,"13":0,"14":0,"15":0,"16":0,"17":0,"18":0,"19":0,"20":0,"21":0},"b":{"0":[0,1],"1":[0,0],"2":[0,0],"3":[0,0],"4":[0,0],"5":[0,0],"6":[0,0],"7":[0,0],"8":[0,0],"9":[0,0],"10":[0,0],"11":[0,1]},"_coverageSchema":"1a1c01bbd47fc00a2c39e90264f33305004495a9","hash":"b62b55c397d17e6742dcf63b22e27a2291e9c311"}
,"/Users/kun/Desktop/Project-Catwalk/react-client/src/components/Questions-Answers/SearchBar.jsx": {"path":"/Users/kun/Desktop/Project-Catwalk/react-client/src/components/Questions-Answers/SearchBar.jsx","statementMap":{"0":{"start":{"line":4,"column":18},"end":{"line":37,"column":1}},"1":{"start":{"line":5,"column":35},"end":{"line":5,"column":47}},"2":{"start":{"line":6,"column":34},"end":{"line":6,"column":46}},"3":{"start":{"line":8,"column":2},"end":{"line":11,"column":20}},"4":{"start":{"line":9,"column":4},"end":{"line":9,"column":33}},"5":{"start":{"line":10,"column":4},"end":{"line":10,"column":39}},"6":{"start":{"line":13,"column":26},"end":{"line":21,"column":3}},"7":{"start":{"line":14,"column":4},"end":{"line":14,"column":30}},"8":{"start":{"line":15,"column":4},"end":{"line":20,"column":5}},"9":{"start":{"line":16,"column":15},"end":{"line":16,"column":126}},"10":{"start":{"line":16,"column":50},"end":{"line":16,"column":125}},"11":{"start":{"line":17,"column":6},"end":{"line":17,"column":18}},"12":{"start":{"line":19,"column":6},"end":{"line":19,"column":31}},"13":{"start":{"line":23,"column":2},"end":{"line":36,"column":4}}},"fnMap":{"0":{"name":"(anonymous_0)","decl":{"start":{"line":4,"column":18},"end":{"line":4,"column":19}},"loc":{"start":{"line":4,"column":29},"end":{"line":37,"column":1}},"line":4},"1":{"name":"(anonymous_1)","decl":{"start":{"line":8,"column":12},"end":{"line":8,"column":13}},"loc":{"start":{"line":8,"column":18},"end":{"line":11,"column":3}},"line":8},"2":{"name":"(anonymous_2)","decl":{"start":{"line":13,"column":26},"end":{"line":13,"column":27}},"loc":{"start":{"line":13,"column":33},"end":{"line":21,"column":3}},"line":13},"3":{"name":"(anonymous_3)","decl":{"start":{"line":16,"column":38},"end":{"line":16,"column":39}},"loc":{"start":{"line":16,"column":50},"end":{"line":16,"column":125}},"line":16}},"branchMap":{"0":{"loc":{"start":{"line":15,"column":4},"end":{"line":20,"column":5}},"type":"if","locations":[{"start":{"line":15,"column":4},"end":{"line":20,"column":5}},{"start":{"line":15,"column":4},"end":{"line":20,"column":5}}],"line":15}},"s":{"0":2,"1":7,"2":7,"3":7,"4":3,"5":3,"6":7,"7":0,"8":0,"9":0,"10":0,"11":0,"12":0,"13":7},"f":{"0":7,"1":3,"2":0,"3":0},"b":{"0":[0,0]},"_coverageSchema":"1a1c01bbd47fc00a2c39e90264f33305004495a9","hash":"90dd800a6863f4b5e8d1d7de769b1dc52d5c4574"}
,"/Users/kun/Desktop/Project-Catwalk/react-client/src/components/Questions-Answers/QATests/AnswerModalsTest.jsx": {"path":"/Users/kun/Desktop/Project-Catwalk/react-client/src/components/Questions-Answers/QATests/AnswerModalsTest.jsx","statementMap":{"0":{"start":{"line":6,"column":25},"end":{"line":191,"column":1}},"1":{"start":{"line":7,"column":30},"end":{"line":7,"column":42}},"2":{"start":{"line":8,"column":34},"end":{"line":8,"column":46}},"3":{"start":{"line":9,"column":28},"end":{"line":9,"column":40}},"4":{"start":{"line":10,"column":30},"end":{"line":10,"column":42}},"5":{"start":{"line":11,"column":37},"end":{"line":11,"column":52}},"6":{"start":{"line":12,"column":38},"end":{"line":12,"column":50}},"7":{"start":{"line":13,"column":36},"end":{"line":13,"column":48}},"8":{"start":{"line":15,"column":2},"end":{"line":17,"column":27}},"9":{"start":{"line":16,"column":4},"end":{"line":16,"column":19}},"10":{"start":{"line":19,"column":17},"end":{"line":88,"column":3}},"11":{"start":{"line":20,"column":18},"end":{"line":20,"column":20}},"12":{"start":{"line":21,"column":15},"end":{"line":21,"column":41}},"13":{"start":{"line":22,"column":4},"end":{"line":37,"column":5}},"14":{"start":{"line":23,"column":6},"end":{"line":26,"column":7}},"15":{"start":{"line":23,"column":19},"end":{"line":23,"column":20}},"16":{"start":{"line":24,"column":26},"end":{"line":24,"column":35}},"17":{"start":{"line":25,"column":8},"end":{"line":25,"column":40}},"18":{"start":{"line":28,"column":6},"end":{"line":36,"column":45}},"19":{"start":{"line":34,"column":21},"end":{"line":34,"column":44}},"20":{"start":{"line":35,"column":20},"end":{"line":35,"column":41}},"21":{"start":{"line":36,"column":24},"end":{"line":36,"column":41}},"22":{"start":{"line":40,"column":6},"end":{"line":86,"column":9}},"23":{"start":{"line":41,"column":25},"end":{"line":41,"column":67}},"24":{"start":{"line":42,"column":19},"end":{"line":42,"column":44}},"25":{"start":{"line":44,"column":8},"end":{"line":85,"column":10}},"26":{"start":{"line":46,"column":27},"end":{"line":46,"column":82}},"27":{"start":{"line":47,"column":12},"end":{"line":47,"column":60}},"28":{"start":{"line":48,"column":12},"end":{"line":55,"column":13}},"29":{"start":{"line":50,"column":16},"end":{"line":50,"column":48}},"30":{"start":{"line":51,"column":16},"end":{"line":51,"column":22}},"31":{"start":{"line":53,"column":16},"end":{"line":53,"column":49}},"32":{"start":{"line":54,"column":16},"end":{"line":54,"column":22}},"33":{"start":{"line":58,"column":12},"end":{"line":65,"column":13}},"34":{"start":{"line":60,"column":16},"end":{"line":60,"column":22}},"35":{"start":{"line":62,"column":16},"end":{"line":62,"column":22}},"36":{"start":{"line":64,"column":16},"end":{"line":64,"column":22}},"37":{"start":{"line":69,"column":12},"end":{"line":83,"column":15}},"38":{"start":{"line":70,"column":14},"end":{"line":70,"column":37}},"39":{"start":{"line":71,"column":14},"end":{"line":71,"column":60}},"40":{"start":{"line":72,"column":16},"end":{"line":82,"column":15}},"41":{"start":{"line":73,"column":16},"end":{"line":81,"column":55}},"42":{"start":{"line":79,"column":29},"end":{"line":79,"column":51}},"43":{"start":{"line":80,"column":29},"end":{"line":80,"column":49}},"44":{"start":{"line":81,"column":33},"end":{"line":81,"column":53}},"45":{"start":{"line":89,"column":19},"end":{"line":92,"column":3}},"46":{"start":{"line":90,"column":15},"end":{"line":90,"column":166}},"47":{"start":{"line":91,"column":4},"end":{"line":91,"column":48}},"48":{"start":{"line":93,"column":22},"end":{"line":105,"column":3}},"49":{"start":{"line":94,"column":4},"end":{"line":94,"column":23}},"50":{"start":{"line":95,"column":18},"end":{"line":95,"column":20}},"51":{"start":{"line":96,"column":4},"end":{"line":96,"column":86}},"52":{"start":{"line":96,"column":31},"end":{"line":96,"column":84}},"53":{"start":{"line":97,"column":4},"end":{"line":97,"column":143}},"54":{"start":{"line":97,"column":33},"end":{"line":97,"column":141}},"55":{"start":{"line":97,"column":59},"end":{"line":97,"column":108}},"56":{"start":{"line":97,"column":118},"end":{"line":97,"column":139}},"57":{"start":{"line":98,"column":4},"end":{"line":99,"column":224}},"58":{"start":{"line":98,"column":30},"end":{"line":98,"column":140}},"59":{"start":{"line":98,"column":56},"end":{"line":98,"column":106}},"60":{"start":{"line":98,"column":116},"end":{"line":98,"column":138}},"61":{"start":{"line":99,"column":9},"end":{"line":99,"column":224}},"62":{"start":{"line":99,"column":35},"end":{"line":99,"column":222}},"63":{"start":{"line":99,"column":61},"end":{"line":99,"column":133}},"64":{"start":{"line":99,"column":142},"end":{"line":99,"column":220}},"65":{"start":{"line":101,"column":4},"end":{"line":104,"column":37}},"66":{"start":{"line":102,"column":6},"end":{"line":102,"column":15}},"67":{"start":{"line":103,"column":6},"end":{"line":103,"column":32}},"68":{"start":{"line":104,"column":13},"end":{"line":104,"column":35}},"69":{"start":{"line":107,"column":21},"end":{"line":123,"column":3}},"70":{"start":{"line":108,"column":4},"end":{"line":114,"column":5}},"71":{"start":{"line":109,"column":6},"end":{"line":113,"column":8}},"72":{"start":{"line":111,"column":38},"end":{"line":111,"column":92}},"73":{"start":{"line":115,"column":4},"end":{"line":122,"column":6}},"74":{"start":{"line":119,"column":38},"end":{"line":119,"column":92}},"75":{"start":{"line":125,"column":17},"end":{"line":134,"column":3}},"76":{"start":{"line":126,"column":4},"end":{"line":126,"column":23}},"77":{"start":{"line":127,"column":17},"end":{"line":127,"column":33}},"78":{"start":{"line":128,"column":14},"end":{"line":128,"column":31}},"79":{"start":{"line":129,"column":4},"end":{"line":132,"column":6}},"80":{"start":{"line":130,"column":6},"end":{"line":130,"column":33}},"81":{"start":{"line":131,"column":6},"end":{"line":131,"column":52}},"82":{"start":{"line":133,"column":4},"end":{"line":133,"column":43}},"83":{"start":{"line":133,"column":15},"end":{"line":133,"column":41}},"84":{"start":{"line":136,"column":2},"end":{"line":190,"column":4}},"85":{"start":{"line":143,"column":30},"end":{"line":143,"column":55}},"86":{"start":{"line":162,"column":59},"end":{"line":162,"column":84}},"87":{"start":{"line":169,"column":124},"end":{"line":169,"column":151}},"88":{"start":{"line":179,"column":130},"end":{"line":179,"column":154}},"89":{"start":{"line":188,"column":23},"end":{"line":188,"column":48}}},"fnMap":{"0":{"name":"(anonymous_0)","decl":{"start":{"line":6,"column":25},"end":{"line":6,"column":26}},"loc":{"start":{"line":6,"column":36},"end":{"line":191,"column":1}},"line":6},"1":{"name":"(anonymous_1)","decl":{"start":{"line":15,"column":12},"end":{"line":15,"column":13}},"loc":{"start":{"line":15,"column":18},"end":{"line":17,"column":3}},"line":15},"2":{"name":"(anonymous_2)","decl":{"start":{"line":19,"column":17},"end":{"line":19,"column":18}},"loc":{"start":{"line":19,"column":23},"end":{"line":88,"column":3}},"line":19},"3":{"name":"(anonymous_3)","decl":{"start":{"line":34,"column":14},"end":{"line":34,"column":15}},"loc":{"start":{"line":34,"column":20},"end":{"line":34,"column":46}},"line":34},"4":{"name":"(anonymous_4)","decl":{"start":{"line":35,"column":14},"end":{"line":35,"column":15}},"loc":{"start":{"line":35,"column":19},"end":{"line":35,"column":43}},"line":35},"5":{"name":"(anonymous_5)","decl":{"start":{"line":36,"column":15},"end":{"line":36,"column":16}},"loc":{"start":{"line":36,"column":23},"end":{"line":36,"column":43}},"line":36},"6":{"name":"uploadImageAsPromise","decl":{"start":{"line":39,"column":13},"end":{"line":39,"column":33}},"loc":{"start":{"line":39,"column":45},"end":{"line":87,"column":5}},"line":39},"7":{"name":"(anonymous_7)","decl":{"start":{"line":40,"column":25},"end":{"line":40,"column":26}},"loc":{"start":{"line":40,"column":52},"end":{"line":86,"column":7}},"line":40},"8":{"name":"(anonymous_8)","decl":{"start":{"line":45,"column":10},"end":{"line":45,"column":11}},"loc":{"start":{"line":45,"column":24},"end":{"line":56,"column":11}},"line":45},"9":{"name":"(anonymous_9)","decl":{"start":{"line":57,"column":10},"end":{"line":57,"column":11}},"loc":{"start":{"line":57,"column":21},"end":{"line":66,"column":11}},"line":57},"10":{"name":"(anonymous_10)","decl":{"start":{"line":67,"column":10},"end":{"line":67,"column":11}},"loc":{"start":{"line":67,"column":16},"end":{"line":84,"column":11}},"line":67},"11":{"name":"(anonymous_11)","decl":{"start":{"line":69,"column":52},"end":{"line":69,"column":53}},"loc":{"start":{"line":69,"column":69},"end":{"line":83,"column":13}},"line":69},"12":{"name":"(anonymous_12)","decl":{"start":{"line":79,"column":22},"end":{"line":79,"column":23}},"loc":{"start":{"line":79,"column":28},"end":{"line":79,"column":52}},"line":79},"13":{"name":"(anonymous_13)","decl":{"start":{"line":80,"column":23},"end":{"line":80,"column":24}},"loc":{"start":{"line":80,"column":28},"end":{"line":80,"column":50}},"line":80},"14":{"name":"(anonymous_14)","decl":{"start":{"line":81,"column":24},"end":{"line":81,"column":25}},"loc":{"start":{"line":81,"column":32},"end":{"line":81,"column":54}},"line":81},"15":{"name":"(anonymous_15)","decl":{"start":{"line":89,"column":19},"end":{"line":89,"column":20}},"loc":{"start":{"line":89,"column":30},"end":{"line":92,"column":3}},"line":89},"16":{"name":"(anonymous_16)","decl":{"start":{"line":93,"column":22},"end":{"line":93,"column":23}},"loc":{"start":{"line":93,"column":29},"end":{"line":105,"column":3}},"line":93},"17":{"name":"(anonymous_17)","decl":{"start":{"line":107,"column":21},"end":{"line":107,"column":22}},"loc":{"start":{"line":107,"column":27},"end":{"line":123,"column":3}},"line":107},"18":{"name":"(anonymous_18)","decl":{"start":{"line":111,"column":26},"end":{"line":111,"column":27}},"loc":{"start":{"line":111,"column":38},"end":{"line":111,"column":92}},"line":111},"19":{"name":"(anonymous_19)","decl":{"start":{"line":119,"column":26},"end":{"line":119,"column":27}},"loc":{"start":{"line":119,"column":38},"end":{"line":119,"column":92}},"line":119},"20":{"name":"(anonymous_20)","decl":{"start":{"line":125,"column":17},"end":{"line":125,"column":18}},"loc":{"start":{"line":125,"column":24},"end":{"line":134,"column":3}},"line":125},"21":{"name":"(anonymous_21)","decl":{"start":{"line":129,"column":23},"end":{"line":129,"column":24}},"loc":{"start":{"line":129,"column":29},"end":{"line":132,"column":5}},"line":129},"22":{"name":"(anonymous_22)","decl":{"start":{"line":143,"column":24},"end":{"line":143,"column":25}},"loc":{"start":{"line":143,"column":30},"end":{"line":143,"column":55}},"line":143},"23":{"name":"(anonymous_23)","decl":{"start":{"line":162,"column":52},"end":{"line":162,"column":53}},"loc":{"start":{"line":162,"column":59},"end":{"line":162,"column":84}},"line":162},"24":{"name":"(anonymous_24)","decl":{"start":{"line":169,"column":118},"end":{"line":169,"column":119}},"loc":{"start":{"line":169,"column":124},"end":{"line":169,"column":151}},"line":169},"25":{"name":"(anonymous_25)","decl":{"start":{"line":179,"column":124},"end":{"line":179,"column":125}},"loc":{"start":{"line":179,"column":130},"end":{"line":179,"column":154}},"line":179},"26":{"name":"(anonymous_26)","decl":{"start":{"line":188,"column":18},"end":{"line":188,"column":19}},"loc":{"start":{"line":188,"column":22},"end":{"line":188,"column":49}},"line":188}},"branchMap":{"0":{"loc":{"start":{"line":22,"column":4},"end":{"line":37,"column":5}},"type":"if","locations":[{"start":{"line":22,"column":4},"end":{"line":37,"column":5}},{"start":{"line":22,"column":4},"end":{"line":37,"column":5}}],"line":22},"1":{"loc":{"start":{"line":48,"column":12},"end":{"line":55,"column":13}},"type":"switch","locations":[{"start":{"line":49,"column":14},"end":{"line":51,"column":22}},{"start":{"line":52,"column":14},"end":{"line":54,"column":22}}],"line":48},"2":{"loc":{"start":{"line":58,"column":12},"end":{"line":65,"column":13}},"type":"switch","locations":[{"start":{"line":59,"column":14},"end":{"line":60,"column":22}},{"start":{"line":61,"column":14},"end":{"line":62,"column":22}},{"start":{"line":63,"column":14},"end":{"line":64,"column":22}}],"line":58},"3":{"loc":{"start":{"line":72,"column":16},"end":{"line":82,"column":15}},"type":"if","locations":[{"start":{"line":72,"column":16},"end":{"line":82,"column":15}},{"start":{"line":72,"column":16},"end":{"line":82,"column":15}}],"line":72},"4":{"loc":{"start":{"line":96,"column":4},"end":{"line":96,"column":86}},"type":"if","locations":[{"start":{"line":96,"column":4},"end":{"line":96,"column":86}},{"start":{"line":96,"column":4},"end":{"line":96,"column":86}}],"line":96},"5":{"loc":{"start":{"line":97,"column":4},"end":{"line":97,"column":143}},"type":"if","locations":[{"start":{"line":97,"column":4},"end":{"line":97,"column":143}},{"start":{"line":97,"column":4},"end":{"line":97,"column":143}}],"line":97},"6":{"loc":{"start":{"line":97,"column":33},"end":{"line":97,"column":141}},"type":"if","locations":[{"start":{"line":97,"column":33},"end":{"line":97,"column":141}},{"start":{"line":97,"column":33},"end":{"line":97,"column":141}}],"line":97},"7":{"loc":{"start":{"line":98,"column":4},"end":{"line":99,"column":224}},"type":"if","locations":[{"start":{"line":98,"column":4},"end":{"line":99,"column":224}},{"start":{"line":98,"column":4},"end":{"line":99,"column":224}}],"line":98},"8":{"loc":{"start":{"line":98,"column":30},"end":{"line":98,"column":140}},"type":"if","locations":[{"start":{"line":98,"column":30},"end":{"line":98,"column":140}},{"start":{"line":98,"column":30},"end":{"line":98,"column":140}}],"line":98},"9":{"loc":{"start":{"line":99,"column":9},"end":{"line":99,"column":224}},"type":"if","locations":[{"start":{"line":99,"column":9},"end":{"line":99,"column":224}},{"start":{"line":99,"column":9},"end":{"line":99,"column":224}}],"line":99},"10":{"loc":{"start":{"line":99,"column":35},"end":{"line":99,"column":222}},"type":"if","locations":[{"start":{"line":99,"column":35},"end":{"line":99,"column":222}},{"start":{"line":99,"column":35},"end":{"line":99,"column":222}}],"line":99},"11":{"loc":{"start":{"line":101,"column":4},"end":{"line":104,"column":37}},"type":"if","locations":[{"start":{"line":101,"column":4},"end":{"line":104,"column":37}},{"start":{"line":101,"column":4},"end":{"line":104,"column":37}}],"line":101},"12":{"loc":{"start":{"line":108,"column":4},"end":{"line":114,"column":5}},"type":"if","locations":[{"start":{"line":108,"column":4},"end":{"line":114,"column":5}},{"start":{"line":108,"column":4},"end":{"line":114,"column":5}}],"line":108},"13":{"loc":{"start":{"line":133,"column":4},"end":{"line":133,"column":43}},"type":"if","locations":[{"start":{"line":133,"column":4},"end":{"line":133,"column":43}},{"start":{"line":133,"column":4},"end":{"line":133,"column":43}}],"line":133}},"s":{"0":1,"1":3,"2":3,"3":3,"4":3,"5":3,"6":3,"7":3,"8":3,"9":2,"10":3,"11":0,"12":0,"13":0,"14":0,"15":0,"16":0,"17":0,"18":0,"19":0,"20":0,"21":0,"22":0,"23":0,"24":0,"25":0,"26":0,"27":0,"28":0,"29":0,"30":0,"31":0,"32":0,"33":0,"34":0,"35":0,"36":0,"37":0,"38":0,"39":0,"40":0,"41":0,"42":0,"43":0,"44":0,"45":3,"46":0,"47":0,"48":3,"49":0,"50":0,"51":0,"52":0,"53":0,"54":0,"55":0,"56":0,"57":0,"58":0,"59":0,"60":0,"61":0,"62":0,"63":0,"64":0,"65":0,"66":0,"67":0,"68":0,"69":3,"70":5,"71":0,"72":0,"73":5,"74":0,"75":3,"76":0,"77":0,"78":0,"79":0,"80":0,"81":0,"82":0,"83":0,"84":3,"85":0,"86":0,"87":0,"88":0,"89":1},"f":{"0":3,"1":2,"2":0,"3":0,"4":0,"5":0,"6":0,"7":0,"8":0,"9":0,"10":0,"11":0,"12":0,"13":0,"14":0,"15":0,"16":0,"17":5,"18":0,"19":0,"20":0,"21":0,"22":0,"23":0,"24":0,"25":0,"26":1},"b":{"0":[0,0],"1":[0,0],"2":[0,0,0],"3":[0,0],"4":[0,0],"5":[0,0],"6":[0,0],"7":[0,0],"8":[0,0],"9":[0,0],"10":[0,0],"11":[0,0],"12":[0,5],"13":[0,0]},"_coverageSchema":"1a1c01bbd47fc00a2c39e90264f33305004495a9","hash":"9366c327920ef04029eb94e1814fa27faa264b7f"}
,"/Users/kun/Desktop/Project-Catwalk/react-client/src/components/Questions-Answers/QATests/AnswerTest.jsx": {"path":"/Users/kun/Desktop/Project-Catwalk/react-client/src/components/Questions-Answers/QATests/AnswerTest.jsx","statementMap":{"0":{"start":{"line":7,"column":19},"end":{"line":154,"column":1}},"1":{"start":{"line":8,"column":32},"end":{"line":8,"column":44}},"2":{"start":{"line":9,"column":46},"end":{"line":9,"column":58}},"3":{"start":{"line":10,"column":40},"end":{"line":10,"column":55}},"4":{"start":{"line":11,"column":34},"end":{"line":11,"column":49}},"5":{"start":{"line":12,"column":30},"end":{"line":12,"column":42}},"6":{"start":{"line":14,"column":2},"end":{"line":16,"column":43}},"7":{"start":{"line":15,"column":4},"end":{"line":15,"column":17}},"8":{"start":{"line":17,"column":19},"end":{"line":24,"column":3}},"9":{"start":{"line":18,"column":19},"end":{"line":18,"column":24}},"10":{"start":{"line":19,"column":4},"end":{"line":23,"column":47}},"11":{"start":{"line":21,"column":8},"end":{"line":21,"column":45}},"12":{"start":{"line":23,"column":24},"end":{"line":23,"column":43}},"13":{"start":{"line":25,"column":30},"end":{"line":31,"column":3}},"14":{"start":{"line":26,"column":15},"end":{"line":26,"column":40}},"15":{"start":{"line":27,"column":4},"end":{"line":27,"column":57}},"16":{"start":{"line":27,"column":37},"end":{"line":27,"column":55}},"17":{"start":{"line":28,"column":4},"end":{"line":30,"column":45}},"18":{"start":{"line":29,"column":20},"end":{"line":29,"column":33}},"19":{"start":{"line":30,"column":24},"end":{"line":30,"column":41}},"20":{"start":{"line":33,"column":23},"end":{"line":38,"column":3}},"21":{"start":{"line":34,"column":15},"end":{"line":34,"column":31}},"22":{"start":{"line":35,"column":4},"end":{"line":35,"column":48}},"23":{"start":{"line":35,"column":29},"end":{"line":35,"column":47}},"24":{"start":{"line":36,"column":4},"end":{"line":37,"column":45}},"25":{"start":{"line":37,"column":24},"end":{"line":37,"column":41}},"26":{"start":{"line":40,"column":24},"end":{"line":135,"column":3}},"27":{"start":{"line":41,"column":17},"end":{"line":41,"column":38}},"28":{"start":{"line":42,"column":4},"end":{"line":134,"column":6}},"29":{"start":{"line":63,"column":54},"end":{"line":63,"column":82}},"30":{"start":{"line":88,"column":117},"end":{"line":88,"column":138}},"31":{"start":{"line":106,"column":56},"end":{"line":106,"column":84}},"32":{"start":{"line":130,"column":119},"end":{"line":130,"column":140}},"33":{"start":{"line":137,"column":2},"end":{"line":153,"column":4}},"34":{"start":{"line":142,"column":56},"end":{"line":142,"column":84}},"35":{"start":{"line":143,"column":112},"end":{"line":143,"column":141}},"36":{"start":{"line":148,"column":44},"end":{"line":148,"column":72}},"37":{"start":{"line":149,"column":112},"end":{"line":149,"column":141}}},"fnMap":{"0":{"name":"(anonymous_0)","decl":{"start":{"line":7,"column":19},"end":{"line":7,"column":20}},"loc":{"start":{"line":7,"column":30},"end":{"line":154,"column":1}},"line":7},"1":{"name":"(anonymous_1)","decl":{"start":{"line":14,"column":12},"end":{"line":14,"column":13}},"loc":{"start":{"line":14,"column":18},"end":{"line":16,"column":3}},"line":14},"2":{"name":"(anonymous_2)","decl":{"start":{"line":17,"column":19},"end":{"line":17,"column":20}},"loc":{"start":{"line":17,"column":25},"end":{"line":24,"column":3}},"line":17},"3":{"name":"(anonymous_3)","decl":{"start":{"line":20,"column":12},"end":{"line":20,"column":13}},"loc":{"start":{"line":20,"column":29},"end":{"line":22,"column":7}},"line":20},"4":{"name":"(anonymous_4)","decl":{"start":{"line":23,"column":13},"end":{"line":23,"column":14}},"loc":{"start":{"line":23,"column":22},"end":{"line":23,"column":45}},"line":23},"5":{"name":"(anonymous_5)","decl":{"start":{"line":25,"column":30},"end":{"line":25,"column":31}},"loc":{"start":{"line":25,"column":42},"end":{"line":31,"column":3}},"line":25},"6":{"name":"(anonymous_6)","decl":{"start":{"line":27,"column":22},
[...]
e":29},"8":{"name":"(anonymous_8)","decl":{"start":{"line":30,"column":30},"end":{"line":30,"column":31}},"loc":{"start":{"line":30,"column":38},"end":{"line":34,"column":5}},"line":30},"9":{"name":"(anonymous_9)","decl":{"start":{"line":32,"column":14},"end":{"line":32,"column":15}},"loc":{"start":{"line":32,"column":28},"end":{"line":32,"column":91}},"line":32},"10":{"name":"(anonymous_10)","decl":{"start":{"line":32,"column":45},"end":{"line":32,"column":46}},"loc":{"start":{"line":32,"column":60},"end":{"line":32,"column":89}},"line":32},"11":{"name":"(anonymous_11)","decl":{"start":{"line":33,"column":15},"end":{"line":33,"column":16}},"loc":{"start":{"line":33,"column":25},"end":{"line":33,"column":41}},"line":33},"12":{"name":"(anonymous_12)","decl":{"start":{"line":37,"column":26},"end":{"line":37,"column":27}},"loc":{"start":{"line":37,"column":32},"end":{"line":45,"column":3}},"line":37},"13":{"name":"(anonymous_13)","decl":{"start":{"line":39,"column":30},"end":{"line":39,"column":31}},"loc":{"start":{"line":39,"column":38},"end":{"line":44,"column":5}},"line":39},"14":{"name":"(anonymous_14)","decl":{"start":{"line":41,"column":12},"end":{"line":41,"column":13}},"loc":{"start":{"line":41,"column":26},"end":{"line":41,"column":104}},"line":41},"15":{"name":"(anonymous_15)","decl":{"start":{"line":42,"column":12},"end":{"line":42,"column":13}},"loc":{"start":{"line":42,"column":18},"end":{"line":42,"column":117}},"line":42},"16":{"name":"(anonymous_16)","decl":{"start":{"line":42,"column":55},"end":{"line":42,"column":56}},"loc":{"start":{"line":42,"column":64},"end":{"line":42,"column":114}},"line":42},"17":{"name":"(anonymous_17)","decl":{"start":{"line":43,"column":13},"end":{"line":43,"column":14}},"loc":{"start":{"line":43,"column":23},"end":{"line":43,"column":39}},"line":43},"18":{"name":"(anonymous_18)","decl":{"start":{"line":47,"column":24},"end":{"line":47,"column":25}},"loc":{"start":{"line":47,"column":37},"end":{"line":62,"column":3}},"line":47}},"branchMap":{"0":{"loc":{"start":{"line":48,"column":4},"end":{"line":50,"column":5}},"type":"if","locations":[{"start":{"line":48,"column":4},"end":{"line":50,"column":5}},{"start":{"line":48,"column":4},"end":{"line":50,"column":5}}],"line":48}},"s":{"0":1,"1":1,"2":1,"3":1,"4":1,"5":1,"6":1,"7":1,"8":1,"9":1,"10":0,"11":0,"12":0,"13":0,"14":1,"15":1,"16":0,"17":0,"18":0,"19":0,"20":1,"21":1,"22":1,"23":0,"24":0,"25":0,"26":0,"27":0,"28":1,"29":0,"30":0,"31":0,"32":0,"33":0,"34":0,"35":0,"36":0,"37":0,"38":0,"39":0,"40":0,"41":1},"f":{"0":1,"1":1,"2":1,"3":0,"4":0,"5":0,"6":0,"7":1,"8":0,"9":0,"10":0,"11":0,"12":1,"13":0,"14":0,"15":0,"16":0,"17":0,"18":0},"b":{"0":[0,0]},"_coverageSchema":"1a1c01bbd47fc00a2c39e90264f33305004495a9","hash":"1e381922f76bf9b795bc10a262130a0452ec2891"}
,"/Users/kun/Desktop/Project-Catwalk/react-client/src/components/related items/relatedItemsList.jsx": {"path":"/Users/kun/Desktop/Project-Catwalk/react-client/src/components/related items/relatedItemsList.jsx","statementMap":{"0":{"start":{"line":7,"column":65},"end":{"line":7,"column":77}},"1":{"start":{"line":8,"column":48},"end":{"line":8,"column":60}},"2":{"start":{"line":9,"column":25},"end":{"line":9,"column":57}},"3":{"start":{"line":11,"column":2},"end":{"line":14,"column":29}},"4":{"start":{"line":12,"column":4},"end":{"line":12,"column":25}},"5":{"start":{"line":13,"column":4},"end":{"line":13,"column":20}},"6":{"start":{"line":16,"column":27},"end":{"line":20,"column":3}},"7":{"start":{"line":17,"column":4},"end":{"line":19,"column":36}},"8":{"start":{"line":18,"column":26},"end":{"line":18,"column":68}},"9":{"start":{"line":19,"column":23},"end":{"line":19,"column":34}},"10":{"start":{"line":22,"column":22},"end":{"line":26,"column":3}},"11":{"start":{"line":23,"column":4},"end":{"line":25,"column":39}},"12":{"start":{"line":24,"column":26},"end":{"line":24,"column":91}},"13":{"start":{"line":24,"column":74},"end":{"line":24,"column":88}},"14":{"start":{"line":25,"column":22},"end":{"line":25,"column":38}},"15":{"start":{"line":28,"column":2},"end":{"line":37,"column":3}}},"fnMap":{"0":{"name":"RelatedItemsList","decl":{"start":{"line":6,"column":9},"end":{"line":6,"column":25}},"loc":{"start":{"line":6,"column":33},"end":{"line":38,"column":1}},"line":6},"1":{"name":"(anonymous_1)","decl":{"start":{"line":11,"column":12},"end":{"line":11,"column":13}},"loc":{"start":{"line":11,"column":18},"end":{"line":14,"column":3}},"line":11},"2":{"name":"(anonymous_2)","decl":{"start":{"line":16,"column":27},"end":{"line":16,"column":28}},"loc":{"start":{"line":16,"column":33},"end":{"line":20,"column":3}},"line":16},"3":{"name":"(anonymous_3)","decl":{"start":{"line":18,"column":12},"end":{"line":18,"column":13}},"loc":{"start":{"line":18,"column":26},"end":{"line":18,"column":68}},"line":18},"4":{"name":"(anonymous_4)","decl":{"start":{"line":19,"column":13},"end":{"line":19,"column":14}},"loc":{"start":{"line":19,"column":23},"end":{"line":19,"column":34}},"line":19},"5":{"name":"(anonymous_5)","decl":{"start":{"line":22,"column":22},"end":{"line":22,"column":23}},"loc":{"start":{"line":22,"column":28},"end":{"line":26,"column":3}},"line":22},"6":{"name":"(anonymous_6)","decl":{"start":{"line":24,"column":12},"end":{"line":24,"column":13}},"loc":{"start":{"line":24,"column":26},"end":{"line":24,"column":91}},"line":24},"7":{"name":"(anonymous_7)","decl":{"start":{"line":24,"column":65},"end":{"line":24,"column":66}},"loc":{"start":{"line":24,"column":74},"end":{"line":24,"column":88}},"line":24},"8":{"name":"(anonymous_8)","decl":{"start":{"line":25,"column":13},"end":{"line":25,"column":14}},"loc":{"start":{"line":25,"column":22},"end":{"line":25,"column":38}},"line":25}},"branchMap":{"0":{"loc":{"start":{"line":9,"column":25},"end":{"line":9,"column":57}},"type":"binary-expr","locations":[{"start":{"line":9,"column":25},"end":{"line":9,"column":48}},{"start":{"line":9,"column":52},"end":{"line":9,"column":57}}],"line":9}},"s":{"0":1,"1":1,"2":1,"3":1,"4":1,"5":1,"6":1,"7":1,"8":0,"9":0,"10":1,"11":1,"12":0,"13":0,"14":0,"15":1},"f":{"0":1,"1":1,"2":1,"3":0,"4":0,"5":1,"6":0,"7":0,"8":0},"b":{"0":[1,1]},"_coverageSchema":"1a1c01bbd47fc00a2c39e90264f33305004495a9","hash":"b99f935e3829813cc9de31be3b46444107ff437a"}
,"/Users/kun/Desktop/Project-Catwalk/react-client/src/components/related items/yourOutfitList.jsx": {"path":"/Users/kun/Desktop/Project-Catwalk/react-client/src/components/related items/yourOutfitList.jsx","statementMap":{"0":{"start":{"line":8,"column":41},"end":{"line":8,"column":53}},"1":{"start":{"line":9,"column":47},"end":{"line":9,"column":59}},"2":{"start":{"line":10,"column":51},"end":{"line":10,"column":63}},"3":{"start":{"line":11,"column":55},"end":{"line":11,"column":66}},"4":{"start":{"line":13,"column":2},"end":{"line":19,"column":45}},"5":{"start":{"line":14,"column":27},"end":{"line":14,"column":50}},"6":{"start":{"line":15,"column":4},"end":{"line":18,"column":41}},"7":{"start":{"line":16,"column":26},"end":{"line":16,"column":59}},"8":{"start":{"line":18,"column":23},"end":{"line":18,"column":39}},"9":{"start":{"line":21,"column":2},"end":{"line":28,"column":8}},"10":{"start":{"line":22,"column":26},"end":{"line":22,"column":57}},"11":{"start":{"line":23,"column":25},"end":{"line":23,"column":55}},"12":{"start":{"line":24,"column":26},"end":{"line":24,"column":57}},"13":{"start":{"line":25,"column":4},"end":{"line":25,"column":70}},"14":{"start":{"line":26,"column":4},"end":{"line":26,"column":73}},"15":{"start":{"line":27,"column":4},"end":{"line":27,"column":77}},"16":{"start":{"line":30,"column":2},"end":{"line":34,"column":54}},"17":{"start":{"line":31,"column":4},"end":{"line":31,"column":64}},"18":{"start":{"line":32,"column":4},"end":{"line":32,"column":68}},"19":{"start":{"line":33,"column":4},"end":{"line":33,"column":71}},"20":{"start":{"line":36,"column":24},"end":{"line":45,"column":3}},"21":{"start":{"line":37,"column":17},"end":{"line":37,"column":103}},"22":{"start":{"line":37,"column":65},"end":{"line":37,"column":102}},"23":{"start":{"line":38,"column":4},"end":{"line":44,"column":5}},"24":{"start":{"line":39,"column":6},"end":{"line":39,"column":18}},"25":{"start":{"line":41,"column":6},"end":{"line":41,"column":79}},"26":{"start":{"line":41,"column":40},"end":{"line":41,"column":77}},"27":{"start":{"line":42,"column":6},"end":{"line":42,"column":158}},"28":{"start":{"line":42,"column":50},"end":{"line":42,"column":156}},"29":{"start":{"line":43,"column":6},"end":{"line":43,"column":122}},"30":{"start":{"line":43,"column":54},"end":{"line":43,"column":120}},"31":{"start":{"line":47,"column":29},"end":{"line":52,"column":3}},"32":{"start":{"line":48,"column":13},"end":{"line":48,"column":35}},"33":{"start":{"line":49,"column":4},"end":{"line":49,"column":72}},"34":{"start":{"line":49,"column":52},"end":{"line":49,"column":68}},"35":{"start":{"line":50,"column":4},"end":{"line":50,"column":80}},"36":{"start":{"line":50,"column":61},"end":{"line":50,"column":76}},"37":{"start":{"line":51,"column":4},"end":{"line":51,"column":85}},"38":{"start":{"line":51,"column":66},"end":{"line":51,"column":81}},"39":{"start":{"line":54,"column":18},"end":{"line":60,"column":3}},"40":{"start":{"line":55,"column":4},"end":{"line":59,"column":5}},"41":{"start":{"line":55,"column":17},"end":{"line":55,"column":18}},"42":{"start":{"line":56,"column":6},"end":{"line":58,"column":7}},"43":{"start":{"line":57,"column":8},"end":{"line":57,"column":37}},"44":{"start":{"line":62,"column":19},"end":{"line":68,"column":3}},"45":{"start":{"line":63,"column":4},"end":{"line":67,"column":5}},"46":{"start":{"line":63,"column":17},"end":{"line":63,"column":18}},"47":{"start":{"line":64,"column":6},"end":{"line":66,"column":7}},"48":{"start":{"line":65,"column":8},"end":{"line":65,"column":47}},"49":{"start":{"line":70,"column":2},"end":{"line":104,"column":3}},"50":{"start":{"line":71,"column":4},"end":{"line":80,"column":5}},"51":{"start":{"line":82,"column":4},"end":{"line":103,"column":5}},"52":{"start":{"line":89,"column":10},"end":{"line":98,"column":16}}},"fnMap":{"0":{"name":"YourOutfitList","decl":{"start":{"line":7,"column":9},"end":{"line":7,"column":23}},"loc":{"start":{"line":7,"column":31},"end":{"line":105,"column":1}},"line":7},"1":{"name":"(anonymous_1)","decl":{"start":{"line":13,"column":12},"end":{"line":13,"column":13}},"loc":{"start":{"line":13,"column":18},"end":{"line":19,"column":3}},"line":13},"2":{"name":"(anonymous_2)","decl":{"start":{"line":16,"column":12},"end":{"line":16,"column":13}},"loc":{"start":{"line":16,"column":26},"end":{"line":16,"column":59}},"line":16},"3":{"name":"(anonymous_3)","decl":{"start":{"line":18,"column":13},"end":{"line":18,"column":14}},"loc":{"start":{"line":18,"column":23},"end":{"line":18,"column":39}},"line":18},"4":{"name":"(anonymous_4)","decl":{"start":{"line":21,"column":12},"end":{"line":21,"column":13}},"loc":{"start":{"line":21,"column":18},"end":{"line":28,"column":3}},"line":21},"5":{"name":"(anonymous_5)","decl":{"start":{"line":30,"column":12},"end":{"line":30,"column":13}},"loc":{"start":{"line":30,"column":18},"end":{"line":34,"column":3}},"line":30},"6":{"name":"(anonymous_6)","decl":{"start":{"line":36,"column":24},"end":{"line":36,"column":25}},"loc":{"start":{"line":36,"column":30},"end":{"line":45,"column":3}},"line":36},"7":{"name":"(anonymous_7)","decl":{"start":{"line":37,"column":55},"end":{"line":37,"column":56}},"loc":{"start":{"line":37,"column":65},"end":{"line":37,"column":102}},"line":37},"8":{"name":"(anonymous_8)","decl":{"start":{"line":41,"column":23},"end":{"line":41,"column":24}},"loc":{"start":{"line":41,"column":40},"end":{"line":41,"column":77}},"line":41},"9":{"name":"(anonymous_9)","decl":{"start":{"line":42,"column":28},"end":{"line":42,"column":29}},"loc":{"start":{"line":42,"column":50},"end":{"line":42,"column":156}},"line":42},"10":{"name":"(anonymous_10)","decl":{"start":{"line":43,"column":30},"end":{"line":43,"column":31}},"loc":{"start":{"line":43,"column":54},"end":{"line":43,"column":120}},"line":43},"11":{"name":"(anonymous_11)","decl":{"start":{"line":47,"column":29},"end":{"line":47,"column":30}},"loc":{"start":{"line":47,"column":36},"end":{"line":52,"column":3}},"line":47},"12":{"name":"(anonymous_12)","decl":{"start":{"line":49,"column":39},"end":{"line":49,"column":40}},"loc":{"start":{"line":49,"column":52},"end":{"line":49,"column":68}},"line":49},"13":{"name":"(anonymous_13)","decl":{"start":{"line":50,"column":49},"end":{"line":50,"column":50}},"loc":{"start":{"line":50,"column":61},"end":{"line":50,"column":76}},"line":50},"14":{"name":"(anonymous_14)","decl":{"start":{"line":51,"column":53},"end":{"line":51,"column":54}},"loc":{"start":{"line":51,"column":66},"end":{"line":51,"column":81}},"line":51},"15":{"name":"(anonymous_15)","decl":{"start":{"line":54,"column":18},"end":{"line":54,"column":19}},"loc":{"start":{"line":54,"column":26},"end":{"line":60,"column":3}},"line":54},"16":{"name":"(anonymous_16)","decl":{"start":{"line":62,"column":19},"end":{"line":62,"column":20}},"loc":{"start":{"line":62,"column":27},"end":{"line":68,"column":3}},"line":62},"17":{"name":"(anonymous_17)","decl":{"start":{"line":88,"column":24},"end":{"line":88,"column":25}},"loc":{"start":{"line":89,"column":10},"end":{"line":98,"column":16}},"line":89}},"branchMap":{"0":{"loc":{"start":{"line":25,"column":4},"end":{"line":25,"column":70}},"type":"cond-expr","locations":[{"start":{"line":25,"column":20},"end":{"line":25,"column":63}},{"start":{"line":25,"column":66},"end":{"line":25,"column":70}}],"line":25},"1":{"loc":{"start":{"line":26,"column":4},"end":{"line":26,"column":73}},"type":"cond-expr","locations":[{"start":{"line":26,"column":19},"end":{"line":26,"column":66}},{"start":{"line":26,"column":69},"end":{"line":26,"column":73}}],"line":26},"2":{"loc":{"start":{"line":27,"column":4},"end":{"line":27,"column":77}},"type":"cond-expr","locations":[{"start":{"line":27,"column":20},"end":{"line":27,"column":70}},{"start":{"line":27,"column":73},"end":{"line":27,"column":77}}],"line":27},"3":{"loc":{"start":{"line":38,"column":4},"end":{"line":44,"column":5}},"type":"if","locations":[{"start":{"line":38,"column":4},"end":{"line":44,"column":5}},{"start":{"line":38,"column":4},"end":{"line":44,"column":5}}],"line":38},"4":{"loc":{"start":{"line":56,"column":6},"end":{"line":58,"column":7}},"type":"if","locations":[{"start":{"line":56,"column":6},"end":{"line":58,"column":7}},{"start":{"line":56,"column":6},"end":{"line":58,"column":7}}],"line":56},"5":{"loc":{"start":{"line":64,"column":6},"end":{"line":66,"column":7}},"type":"if","locations":[{"start":{"line":64,"column":6},"end":{"line":66,"column":7}},{"start":{"line":64,"column":6},"end":{"line":66,"column":7}}],"line":64},"6":{"loc":{"start":{"line":70,"column":2},"end":{"line":104,"column":3}},"type":"if","locations":[{"start":{"line":70,"column":2},"end":{"line":104,"column":3}},{"start":{"line":70,"column":2},"end":{"line":104,"column":3}}],"line":70},"7":{"loc":{"start":{"line":95,"column":42},"end":{"line":95,"column":102}},"type":"cond-expr","locations":[{"start":{"line":95,"column":62},"end":{"line":95,"column":79}},{"start":{"line":95,"column":82},"end":{"line":95,"column":102}}],"line":95}},"s":{"0":1,"1":1,"2":1,"3":1,"4":1,"5":1,"6":1,"7":0,"8":0,"9":1,"10":1,"11":1,"12":1,"13":1,"14":1,"15":1,"16":1,"17":1,"18":1,"19":1,"20":1,"21":0,"22":0,"23":0,"24":0,"25":0,"26":0,"27":0,"28":0,"29":0,"30":0,"31":1,"32":0,"33":0,"34":0,"35":0,"36":0,"37":0,"38":0,"39":1,"40":0,"41":0,"42":0,"43":0,"44":1,"45":0,"46":0,"47":0,"48":0,"49":1,"50":1,"51":0,"52":0},"f":{"0":1,"1":1,"2":0,"3":0,"4":1,"5":1,"6":0,"7":0,"8":0,"9":0,"10":0,"11":0,"12":0,"13":0,"14":0,"15":0,"16":0,"17":0},"b":{"0":[0,1],"1":[0,1],"2":[0,1],"3":[0,0],"4":[0,0],"5":[0,0],"6":[1,0],"7":[0,0]},"_coverageSchema":"1a1c01bbd47fc00a2c39e90264f33305004495a9","hash":"3471bef6bf1f07556a35dcac8b36be3042d9ceff"}
,"/Users/kun/Desktop/Project-Catwalk/tests/msw/QAHandlers.js": {"path":"/Users/kun/Desktop/Project-Catwalk/tests/msw/QAHandlers.js","statementMap":{"0":{"start":{"line":4,"column":22},"end":{"line":24,"column":1}},"1":{"start":{"line":26,"column":0},"end":{"line":40,"column":3}},"2":{"start":{"line":44,"column":17},"end":{"line":77,"column":1}},"3":{"start":{"line":46,"column":4},"end":{"line":49,"column":6}},"4":{"start":{"line":52,"column":4},"end":{"line":55,"column":6}},"5":{"start":{"line":58,"column":4},"end":{"line":61,"column":6}},"6":{"start":{"line":64,"column":4},"end":{"line":67,"column":6}},"7":{"start":{"line":71,"column":4},"end":{"line":74,"column":6}}},"fnMap":{"0":{"name":"(anonymous_0)","decl":{"start":{"line":45,"column":23},"end":{"line":45,"column":24}},"loc":{"start":{"line":45,"column":42},"end":{"line":50,"column":3}},"line":45},"1":{"name":"(anonymous_1)","decl":{"start":{"line":51,"column":30},"end":{"line":51,"column":31}},"loc":{"start":{"line":51,"column":49},"end":{"line":56,"column":3}},"line":51},"2":{"name":"(anonymous_2)","decl":{"start":{"line":57,"column":35},"end":{"line":57,"column":36}},"loc":{"start":{"line":57,"column":54},"end":{"line":62,"column":3}},"line":57},"3":{"name":"(anonymous_3)","decl":{"start":{"line":63,"column":35},"end":{"line":63,"column":36}},"loc":{"start":{"line":63,"column":54},"end":{"line":68,"column":3}},"line":63},"4":{"name":"(anonymous_4)","decl":{"start":{"line":70,"column":29},"end":{"line":70,"column":30}},"loc":{"start":{"line":70,"column":48},"end":{"line":75,"column":3}},"line":70}},"branchMap":{},"s":{"0":1,"1":1,"2":1,"3":6,"4":6,"5":0,"6":0,"7":2},"f":{"0":6,"1":6,"2":0,"3":0,"4":2},"b":{},"_coverageSchema":"1a1c01bbd47fc00a2c39e90264f33305004495a9","hash":"04b0748e73ecd8166a29c8d7c4aeec1c935519bc"}
,"/Users/kun/Desktop/Project-Catwalk/tests/msw/handlers.js": {"path":"/Users/kun/Desktop/Project-Catwalk/tests/msw/handlers.js","statementMap":{"0":{"start":{"line":4,"column":20},"end":{"line":37,"column":1}},"1":{"start":{"line":39,"column":20},"end":{"line":56,"column":1}},"2":{"start":{"line":58,"column":21},"end":{"line":83,"column":1}},"3":{"start":{"line":85,"column":19},"end":{"line":111,"column":2}},"4":{"start":{"line":113,"column":17},"end":{"line":145,"column":1}},"5":{"start":{"line":116,"column":4},"end":{"line":119,"column":6}},"6":{"start":{"line":122,"column":18},"end":{"line":122,"column":38}},"7":{"start":{"line":123,"column":23},"end":{"line":123,"column":46}},"8":{"start":{"line":124,"column":4},"end":{"line":127,"column":6}},"9":{"start":{"line":130,"column":18},"end":{"line":130,"column":38}},"10":{"start":{"line":131,"column":23},"end":{"line":131,"column":46}},"11":{"start":{"line":132,"column":4},"end":{"line":135,"column":6}},"12":{"start":{"line":138,"column":18},"end":{"line":138,"column":38}},"13":{"start":{"line":139,"column":23},"end":{"line":139,"column":46}},"14":{"start":{"line":140,"column":4},"end":{"line":143,"column":6}}},"fnMap":{"0":{"name":"(anonymous_0)","decl":{"start":{"line":115,"column":36},"end":{"line":115,"column":37}},"loc":{"start":{"line":115,"column":55},"end":{"line":120,"column":3}},"line":115},"1":{"name":"(anonymous_1)","decl":{"start":{"line":121,"column":32},"end":{"line":121,"column":33}},"loc":{"start":{"line":121,"column":51},"end":{"line":128,"column":3}},"line":121},"2":{"name":"(anonymous_2)","decl":{"start":{"line":129,"column":28},"end":{"line":129,"column":29}},"loc":{"start":{"line":129,"column":47},"end":{"line":136,"column":3}},"line":129},"3":{"name":"(anonymous_3)","decl":{"start":{"line":137,"column":41},"end":{"line":137,"column":42}},"loc":{"start":{"line":137,"column":60},"end":{"line":144,"column":3}},"line":137}},"branchMap":{},"s":{"0":7,"1":7,"2":7,"3":7,"4":7,"5":1,"6":3,"7":3,"8":3,"9":3,"10":3,"11":3,"12":4,"13":4,"14":4},"f":{"0":1,"1":3,"2":3,"3":4},"b":{},"_coverageSchema":"1a1c01bbd47fc00a2c39e90264f33305004495a9","hash":"e6fed4f5d6337dc76b06b93f13de6970ff09cdfe"}
}
